{"C:\\Users\\HP\\Desktop\\wayfarer\\src\\tests\\adminTests.js":{"path":"C:\\Users\\HP\\Desktop\\wayfarer\\src\\tests\\adminTests.js","statementMap":{"0":{"start":{"line":3,"column":12},"end":{"line":3,"column":52}},"1":{"start":{"line":5,"column":16},"end":{"line":5,"column":60}},"2":{"start":{"line":7,"column":13},"end":{"line":7,"column":56}},"3":{"start":{"line":9,"column":39},"end":{"line":9,"column":95}},"4":{"start":{"line":11,"column":40},"end":{"line":11,"column":473}},"5":{"start":{"line":11,"column":69},"end":{"line":11,"column":80}},"6":{"start":{"line":11,"column":103},"end":{"line":11,"column":105}},"7":{"start":{"line":11,"column":107},"end":{"line":11,"column":431}},"8":{"start":{"line":11,"column":126},"end":{"line":11,"column":429}},"9":{"start":{"line":11,"column":149},"end":{"line":11,"column":427}},"10":{"start":{"line":11,"column":214},"end":{"line":11,"column":319}},"11":{"start":{"line":11,"column":321},"end":{"line":11,"column":425}},"12":{"start":{"line":11,"column":349},"end":{"line":11,"column":390}},"13":{"start":{"line":11,"column":400},"end":{"line":11,"column":423}},"14":{"start":{"line":11,"column":432},"end":{"line":11,"column":456}},"15":{"start":{"line":11,"column":457},"end":{"line":11,"column":471}},"16":{"start":{"line":13,"column":0},"end":{"line":13,"column":27}},"17":{"start":{"line":15,"column":0},"end":{"line":15,"column":43}},"18":{"start":{"line":18,"column":12},"end":{"line":21,"column":1}},"19":{"start":{"line":22,"column":11},"end":{"line":27,"column":1}},"20":{"start":{"line":28,"column":10},"end":{"line":34,"column":1}},"21":{"start":{"line":35,"column":0},"end":{"line":47,"column":3}},"22":{"start":{"line":36,"column":2},"end":{"line":46,"column":5}},"23":{"start":{"line":37,"column":4},"end":{"line":45,"column":7}},"24":{"start":{"line":38,"column":6},"end":{"line":38,"column":34}},"25":{"start":{"line":40,"column":6},"end":{"line":40,"column":42}},"26":{"start":{"line":42,"column":6},"end":{"line":42,"column":51}},"27":{"start":{"line":44,"column":6},"end":{"line":44,"column":13}},"28":{"start":{"line":48,"column":0},"end":{"line":58,"column":3}},"29":{"start":{"line":49,"column":2},"end":{"line":57,"column":5}},"30":{"start":{"line":50,"column":4},"end":{"line":56,"column":7}},"31":{"start":{"line":51,"column":6},"end":{"line":51,"column":42}},"32":{"start":{"line":53,"column":6},"end":{"line":53,"column":46}},"33":{"start":{"line":55,"column":6},"end":{"line":55,"column":13}},"34":{"start":{"line":59,"column":0},"end":{"line":69,"column":3}},"35":{"start":{"line":60,"column":2},"end":{"line":68,"column":5}},"36":{"start":{"line":61,"column":4},"end":{"line":67,"column":7}},"37":{"start":{"line":62,"column":6},"end":{"line":62,"column":42}},"38":{"start":{"line":64,"column":6},"end":{"line":64,"column":46}},"39":{"start":{"line":66,"column":6},"end":{"line":66,"column":13}},"40":{"start":{"line":70,"column":0},"end":{"line":80,"column":3}},"41":{"start":{"line":71,"column":2},"end":{"line":79,"column":5}},"42":{"start":{"line":72,"column":4},"end":{"line":78,"column":7}},"43":{"start":{"line":73,"column":6},"end":{"line":73,"column":42}},"44":{"start":{"line":75,"column":6},"end":{"line":75,"column":46}},"45":{"start":{"line":77,"column":6},"end":{"line":77,"column":13}},"46":{"start":{"line":81,"column":0},"end":{"line":95,"column":3}},"47":{"start":{"line":82,"column":2},"end":{"line":94,"column":5}},"48":{"start":{"line":83,"column":4},"end":{"line":93,"column":7}},"49":{"start":{"line":86,"column":6},"end":{"line":86,"column":42}},"50":{"start":{"line":88,"column":6},"end":{"line":88,"column":46}},"51":{"start":{"line":90,"column":6},"end":{"line":90,"column":79}},"52":{"start":{"line":92,"column":6},"end":{"line":92,"column":13}}},"fnMap":{"0":{"name":"_interopRequireDefault","decl":{"start":{"line":9,"column":9},"end":{"line":9,"column":31}},"loc":{"start":{"line":9,"column":37},"end":{"line":9,"column":97}},"line":9},"1":{"name":"_interopRequireWildcard","decl":{"start":{"line":11,"column":9},"end":{"line":11,"column":32}},"loc":{"start":{"line":11,"column":38},"end":{"line":11,"column":475}},"line":11},"2":{"name":"(anonymous_2)","decl":{"start":{"line":35,"column":30},"end":{"line":35,"column":31}},"loc":{"start":{"line":35,"column":42},"end":{"line":47,"column":1}},"line":35},"3":{"name":"(anonymous_3)","decl":{"start":{"line":36,"column":35},"end":{"line":36,"column":36}},"loc":{"start":{"line":36,"column":51},"end":{"line":46,"column":3}},"line":36},"4":{"name":"(anonymous_4)","decl":{"start":{"line":37,"column":92},"end":{"line":37,"column":93}},"loc":{"start":{"line":37,"column":112},"end":{"line":45,"column":5}},"line":37},"5":{"name":"(anonymous_5)","decl":{"start":{"line":48,"column":33},"end":{"line":48,"column":34}},"loc":{"start":{"line":48,"column":45},"end":{"line":58,"column":1}},"line":48},"6":{"name":"(anonymous_6)","decl":{"start":{"line":49,"column":56},"end":{"line":49,"column":57}},"loc":{"start":{"line":49,"column":72},"end":{"line":57,"column":3}},"line":49},"7":{"name":"(anonymous_7)","decl":{"start":{"line":50,"column":111},"end":{"line":50,"column":112}},"loc":{"start":{"line":50,"column":131},"end":{"line":56,"column":5}},"line":50},"8":{"name":"(anonymous_8)","decl":{"start":{"line":59,"column":33},"end":{"line":59,"column":34}},"loc":{"start":{"line":59,"column":45},"end":{"line":69,"column":1}},"line":59},"9":{"name":"(anonymous_9)","decl":{"start":{"line":60,"column":59},"end":{"line":60,"column":60}},"loc":{"start":{"line":60,"column":75},"end":{"line":68,"column":3}},"line":60},"10":{"name":"(anonymous_10)","decl":{"start":{"line":61,"column":112},"end":{"line":61,"column":113}},"loc":{"start":{"line":61,"column":132},"end":{"line":67,"column":5}},"line":61},"11":{"name":"(anonymous_11)","decl":{"start":{"line":70,"column":36},"end":{"line":70,"column":37}},"loc":{"start":{"line":70,"column":48},"end":{"line":80,"column":1}},"line":70},"12":{"name":"(anonymous_12)","decl":{"start":{"line":71,"column":68},"end":{"line":71,"column":69}},"loc":{"start":{"line":71,"column":84},"end":{"line":79,"column":3}},"line":71},"13":{"name":"(anonymous_13)","decl":{"start":{"line":72,"column":102},"end":{"line":72,"column":103}},"loc":{"start":{"line":72,"column":122},"end":{"line":78,"column":5}},"line":72},"14":{"name":"(anonymous_14)","decl":{"start":{"line":81,"column":34},"end":{"line":81,"column":35}},"loc":{"start":{"line":81,"column":46},"end":{"line":95,"column":1}},"line":81},"15":{"name":"(anonymous_15)","decl":{"start":{"line":82,"column":59},"end":{"line":82,"column":60}},"loc":{"start":{"line":82,"column":75},"end":{"line":94,"column":3}},"line":82},"16":{"name":"(anonymous_16)","decl":{"start":{"line":85,"column":11},"end":{"line":85,"column":12}},"loc":{"start":{"line":85,"column":31},"end":{"line":93,"column":5}},"line":85}},"branchMap":{"0":{"loc":{"start":{"line":9,"column":46},"end":{"line":9,"column":94}},"type":"cond-expr","locations":[{"start":{"line":9,"column":70},"end":{"line":9,"column":73}},{"start":{"line":9,"column":76},"end":{"line":9,"column":94}}],"line":9},"1":{"loc":{"start":{"line":9,"column":46},"end":{"line":9,"column":67}},"type":"binary-expr","locations":[{"start":{"line":9,"column":46},"end":{"line":9,"column":49}},{"start":{"line":9,"column":53},"end":{"line":9,"column":67}}],"line":9},"2":{"loc":{"start":{"line":11,"column":40},"end":{"line":11,"column":473}},"type":"if","locations":[{"start":{"line":11,"column":40},"end":{"line":11,"column":473}},{"start":{"line":11,"column":40},"end":{"line":11,"column":473}}],"line":11},"3":{"loc":{"start":{"line":11,"column":44},"end":{"line":11,"column":65}},"type":"binary-expr","locations":[{"start":{"line":11,"column":44},"end":{"line":11,"column":47}},{"start":{"line":11,"column":51},"end":{"line":11,"column":65}}],"line":11},"4":{"loc":{"start":{"line":11,"column":107},"end":{"line":11,"column":431}},"type":"if","locations":[{"start":{"line":11,"column":107},"end":{"line":11,"column":431}},{"start":{"line":11,"column":107},"end":{"line":11,"column":431}}],"line":11},"5":{"loc":{"start":{"line":11,"column":149},"end":{"line":11,"column":427}},"type":"if","locations":[{"start":{"line":11,"column":149},"end":{"line":11,"column":427}},{"start":{"line":11,"column":149},"end":{"line":11,"column":427}}],"line":11},"6":{"loc":{"start":{"line":11,"column":214},"end":{"line":11,"column":319}},"type":"cond-expr","locations":[{"start":{"line":11,"column":273},"end":{"line":11,"column":314}},{"start":{"line":11,"column":317},"end":{"line":11,"column":319}}],"line":11},"7":{"loc":{"start":{"line":11,"column":214},"end":{"line":11,"column":270}},"type":"binary-expr","locations":[{"start":{"line":11,"column":214},"end":{"line":11,"column":235}},{"start":{"line":11,"column":239},"end":{"line":11,"column":270}}],"line":11},"8":{"loc":{"start":{"line":11,"column":321},"end":{"line":11,"column":425}},"type":"if","locations":[{"start":{"line":11,"column":321},"end":{"line":11,"column":425}},{"start":{"line":11,"column":321},"end":{"line":11,"column":425}}],"line":11},"9":{"loc":{"start":{"line":11,"column":325},"end":{"line":11,"column":345}},"type":"binary-expr","locations":[{"start":{"line":11,"column":325},"end":{"line":11,"column":333}},{"start":{"line":11,"column":337},"end":{"line":11,"column":345}}],"line":11}},"s":{"0":1,"1":1,"2":1,"3":2,"4":1,"5":0,"6":1,"7":1,"8":1,"9":10,"10":10,"11":10,"12":0,"13":10,"14":1,"15":1,"16":1,"17":1,"18":1,"19":1,"20":1,"21":1,"22":1,"23":1,"24":1,"25":1,"26":1,"27":1,"28":1,"29":1,"30":1,"31":1,"32":1,"33":1,"34":1,"35":1,"36":1,"37":1,"38":1,"39":1,"40":1,"41":1,"42":1,"43":1,"44":1,"45":1,"46":1,"47":1,"48":1,"49":1,"50":1,"51":1,"52":1},"f":{"0":2,"1":1,"2":1,"3":1,"4":1,"5":1,"6":1,"7":1,"8":1,"9":1,"10":1,"11":1,"12":1,"13":1,"14":1,"15":1,"16":1},"b":{"0":[1,1],"1":[2,2],"2":[0,1],"3":[1,1],"4":[1,0],"5":[10,0],"6":[10,0],"7":[10,10],"8":[0,10],"9":[10,10]},"_coverageSchema":"43e27e138ebf9cfc5966b082cf9a028302ed4184","hash":"f4e226348e7041db6b415b391583049d19546cb5","contentHash":"8b0ee43777b7a892ff50fdb574ad6084fde8bcc9ef5d4efc2f503f022fa73f60"},"C:\\Users\\HP\\Desktop\\wayfarer\\src\\index.js":{"path":"C:\\Users\\HP\\Desktop\\wayfarer\\src\\index.js","statementMap":{"0":{"start":{"line":3,"column":0},"end":{"line":5,"column":3}},"1":{"start":{"line":6,"column":0},"end":{"line":6,"column":28}},"2":{"start":{"line":8,"column":15},"end":{"line":8,"column":57}},"3":{"start":{"line":10,"column":14},"end":{"line":10,"column":55}},"4":{"start":{"line":12,"column":13},"end":{"line":12,"column":62}},"5":{"start":{"line":14,"column":12},"end":{"line":14,"column":60}},"6":{"start":{"line":16,"column":13},"end":{"line":16,"column":62}},"7":{"start":{"line":18,"column":13},"end":{"line":18,"column":62}},"8":{"start":{"line":20,"column":16},"end":{"line":20,"column":68}},"9":{"start":{"line":22,"column":39},"end":{"line":22,"column":95}},"10":{"start":{"line":24,"column":0},"end":{"line":24,"column":28}},"11":{"start":{"line":26,"column":10},"end":{"line":26,"column":36}},"12":{"start":{"line":27,"column":0},"end":{"line":27,"column":36}},"13":{"start":{"line":28,"column":0},"end":{"line":28,"column":27}},"14":{"start":{"line":29,"column":0},"end":{"line":29,"column":28}},"15":{"start":{"line":30,"column":0},"end":{"line":30,"column":28}},"16":{"start":{"line":31,"column":0},"end":{"line":31,"column":28}},"17":{"start":{"line":32,"column":0},"end":{"line":32,"column":31}},"18":{"start":{"line":33,"column":11},"end":{"line":33,"column":35}},"19":{"start":{"line":34,"column":0},"end":{"line":36,"column":3}},"20":{"start":{"line":35,"column":2},"end":{"line":35,"column":49}},"21":{"start":{"line":37,"column":15},"end":{"line":37,"column":18}},"22":{"start":{"line":38,"column":0},"end":{"line":38,"column":30}}},"fnMap":{"0":{"name":"_interopRequireDefault","decl":{"start":{"line":22,"column":9},"end":{"line":22,"column":31}},"loc":{"start":{"line":22,"column":37},"end":{"line":22,"column":97}},"line":22},"1":{"name":"(anonymous_1)","decl":{"start":{"line":34,"column":17},"end":{"line":34,"column":18}},"loc":{"start":{"line":34,"column":29},"end":{"line":36,"column":1}},"line":34}},"branchMap":{"0":{"loc":{"start":{"line":22,"column":46},"end":{"line":22,"column":94}},"type":"cond-expr","locations":[{"start":{"line":22,"column":70},"end":{"line":22,"column":73}},{"start":{"line":22,"column":76},"end":{"line":22,"column":94}}],"line":22},"1":{"loc":{"start":{"line":22,"column":46},"end":{"line":22,"column":67}},"type":"binary-expr","locations":[{"start":{"line":22,"column":46},"end":{"line":22,"column":49}},{"start":{"line":22,"column":53},"end":{"line":22,"column":67}}],"line":22},"2":{"loc":{"start":{"line":33,"column":11},"end":{"line":33,"column":35}},"type":"binary-expr","locations":[{"start":{"line":33,"column":11},"end":{"line":33,"column":27}},{"start":{"line":33,"column":31},"end":{"line":33,"column":35}}],"line":33}},"s":{"0":1,"1":1,"2":1,"3":1,"4":1,"5":1,"6":1,"7":1,"8":1,"9":7,"10":1,"11":1,"12":1,"13":1,"14":1,"15":1,"16":1,"17":1,"18":1,"19":1,"20":1,"21":1,"22":1},"f":{"0":7,"1":1},"b":{"0":[5,2],"1":[7,7],"2":[1,1]},"_coverageSchema":"43e27e138ebf9cfc5966b082cf9a028302ed4184","hash":"7e3b4dc8576dc801d05382286e56af1230ac8f01","contentHash":"c05cbec889aaa6c9f5e709b59d64fc68aee3565c584059fb9ed8d428c619ff33"},"C:\\Users\\HP\\Desktop\\wayfarer\\src\\routes\\users.js":{"path":"C:\\Users\\HP\\Desktop\\wayfarer\\src\\routes\\users.js","statementMap":{"0":{"start":{"line":3,"column":0},"end":{"line":5,"column":3}},"1":{"start":{"line":6,"column":0},"end":{"line":6,"column":30}},"2":{"start":{"line":8,"column":13},"end":{"line":8,"column":68}},"3":{"start":{"line":10,"column":39},"end":{"line":10,"column":95}},"4":{"start":{"line":13,"column":2},"end":{"line":13,"column":61}},"5":{"start":{"line":14,"column":2},"end":{"line":14,"column":68}}},"fnMap":{"0":{"name":"_interopRequireDefault","decl":{"start":{"line":10,"column":9},"end":{"line":10,"column":31}},"loc":{"start":{"line":10,"column":37},"end":{"line":10,"column":97}},"line":10},"1":{"name":"_default","decl":{"start":{"line":12,"column":9},"end":{"line":12,"column":17}},"loc":{"start":{"line":12,"column":23},"end":{"line":15,"column":1}},"line":12}},"branchMap":{"0":{"loc":{"start":{"line":10,"column":46},"end":{"line":10,"column":94}},"type":"cond-expr","locations":[{"start":{"line":10,"column":70},"end":{"line":10,"column":73}},{"start":{"line":10,"column":76},"end":{"line":10,"column":94}}],"line":10},"1":{"loc":{"start":{"line":10,"column":46},"end":{"line":10,"column":67}},"type":"binary-expr","locations":[{"start":{"line":10,"column":46},"end":{"line":10,"column":49}},{"start":{"line":10,"column":53},"end":{"line":10,"column":67}}],"line":10}},"s":{"0":1,"1":1,"2":1,"3":1,"4":1,"5":1},"f":{"0":1,"1":1},"b":{"0":[1,0],"1":[1,1]},"_coverageSchema":"43e27e138ebf9cfc5966b082cf9a028302ed4184","hash":"bc469b4b05de8536867b5759f9af8e70fcfff78a","contentHash":"88ef4f330dc438342007d75218b68fa0b76b9addab6cd2cd95e5328de22e7c58"},"C:\\Users\\HP\\Desktop\\wayfarer\\src\\controllers\\users.js":{"path":"C:\\Users\\HP\\Desktop\\wayfarer\\src\\controllers\\users.js","statementMap":{"0":{"start":{"line":3,"column":0},"end":{"line":5,"column":3}},"1":{"start":{"line":6,"column":0},"end":{"line":6,"column":28}},"2":{"start":{"line":8,"column":12},"end":{"line":8,"column":61}},"3":{"start":{"line":10,"column":39},"end":{"line":10,"column":95}},"4":{"start":{"line":12,"column":77},"end":{"line":12,"column":175}},"5":{"start":{"line":12,"column":94},"end":{"line":12,"column":107}},"6":{"start":{"line":12,"column":121},"end":{"line":12,"column":131}},"7":{"start":{"line":12,"column":151},"end":{"line":12,"column":165}},"8":{"start":{"line":12,"column":166},"end":{"line":12,"column":173}},"9":{"start":{"line":12,"column":176},"end":{"line":12,"column":263}},"10":{"start":{"line":12,"column":193},"end":{"line":12,"column":208}},"11":{"start":{"line":12,"column":218},"end":{"line":12,"column":261}},"12":{"start":{"line":14,"column":33},"end":{"line":14,"column":387}},"13":{"start":{"line":14,"column":65},"end":{"line":14,"column":69}},"14":{"start":{"line":14,"column":78},"end":{"line":14,"column":87}},"15":{"start":{"line":14,"column":89},"end":{"line":14,"column":384}},"16":{"start":{"line":14,"column":147},"end":{"line":14,"column":167}},"17":{"start":{"line":14,"column":193},"end":{"line":14,"column":264}},"18":{"start":{"line":14,"column":290},"end":{"line":14,"column":360}},"19":{"start":{"line":14,"column":363},"end":{"line":14,"column":380}},"20":{"start":{"line":16,"column":11},"end":{"line":151,"column":1}},"21":{"start":{"line":24,"column":20},"end":{"line":67,"column":7}},"22":{"start":{"line":29,"column":6},"end":{"line":66,"column":34}},"23":{"start":{"line":30,"column":8},"end":{"line":65,"column":9}},"24":{"start":{"line":31,"column":10},"end":{"line":64,"column":11}},"25":{"start":{"line":33,"column":14},"end":{"line":33,"column":32}},"26":{"start":{"line":34,"column":14},"end":{"line":34,"column":32}},"27":{"start":{"line":35,"column":14},"end":{"line":35,"column":52}},"28":{"start":{"line":38,"column":14},"end":{"line":38,"column":35}},"29":{"start":{"line":39,"column":14},"end":{"line":39,"column":31}},"30":{"start":{"line":40,"column":14},"end":{"line":45,"column":18}},"31":{"start":{"line":48,"column":14},"end":{"line":48,"column":32}},"32":{"start":{"line":49,"column":14},"end":{"line":49,"column":49}},"33":{"start":{"line":51,"column":14},"end":{"line":54,"column":15}},"34":{"start":{"line":52,"column":16},"end":{"line":52,"column":35}},"35":{"start":{"line":53,"column":16},"end":{"line":53,"column":22}},"36":{"start":{"line":56,"column":14},"end":{"line":59,"column":18}},"37":{"start":{"line":63,"column":14},"end":{"line":63,"column":37}},"38":{"start":{"line":70,"column":6},"end":{"line":70,"column":46}},"39":{"start":{"line":73,"column":4},"end":{"line":73,"column":20}},"40":{"start":{"line":82,"column":23},"end":{"line":143,"column":7}},"41":{"start":{"line":87,"column":6},"end":{"line":142,"column":36}},"42":{"start":{"line":88,"column":8},"end":{"line":141,"column":9}},"43":{"start":{"line":89,"column":10},"end":{"line":140,"column":11}},"44":{"start":{"line":91,"column":14},"end":{"line":91,"column":33}},"45":{"start":{"line":92,"column":14},"end":{"line":92,"column":33}},"46":{"start":{"line":93,"column":14},"end":{"line":93,"column":66}},"47":{"start":{"line":96,"column":14},"end":{"line":96,"column":37}},"48":{"start":{"line":97,"column":14},"end":{"line":97,"column":32}},"49":{"start":{"line":99,"column":14},"end":{"line":102,"column":15}},"50":{"start":{"line":100,"column":16},"end":{"line":100,"column":35}},"51":{"start":{"line":101,"column":16},"end":{"line":101,"column":22}},"52":{"start":{"line":104,"column":14},"end":{"line":109,"column":18}},"53":{"start":{"line":112,"column":14},"end":{"line":119,"column":18}},"54":{"start":{"line":122,"column":14},"end":{"line":122,"column":34}},"55":{"start":{"line":123,"column":14},"end":{"line":123,"column":51}},"56":{"start":{"line":125,"column":14},"end":{"line":128,"column":15}},"57":{"start":{"line":126,"column":16},"end":{"line":126,"column":36}},"58":{"start":{"line":127,"column":16},"end":{"line":127,"column":22}},"59":{"start":{"line":130,"column":14},"end":{"line":135,"column":18}},"60":{"start":{"line":139,"column":14},"end":{"line":139,"column":38}},"61":{"start":{"line":146,"column":6},"end":{"line":146,"column":49}},"62":{"start":{"line":149,"column":4},"end":{"line":149,"column":23}},"63":{"start":{"line":152,"column":15},"end":{"line":152,"column":19}},"64":{"start":{"line":153,"column":0},"end":{"line":153,"column":30}}},"fnMap":{"0":{"name":"_interopRequireDefault","decl":{"start":{"line":10,"column":9},"end":{"line":10,"column":31}},"loc":{"start":{"line":10,"column":37},"end":{"line":10,"column":97}},"line":10},"1":{"name":"asyncGeneratorStep","decl":{"start":{"line":12,"column":9},"end":{"line":12,"column":27}},"loc":{"start":{"line":12,"column":75},"end":{"line":12,"column":265}},"line":12},"2":{"name":"_asyncToGenerator","decl":{"start":{"line":14,"column":9},"end":{"line":14,"column":26}},"loc":{"start":{"line":14,"column":31},"end":{"line":14,"column":389}},"line":14},"3":{"name":"(anonymous_3)","decl":{"start":{"line":14,"column":40},"end":{"line":14,"column":41}},"loc":{"start":{"line":14,"column":52},"end":{"line":14,"column":386}},"line":14},"4":{"name":"(anonymous_4)","decl":{"start":{"line":14,"column":108},"end":{"line":14,"column":109}},"loc":{"start":{"line":14,"column":135},"end":{"line":14,"column":382}},"line":14},"5":{"name":"_next","decl":{"start":{"line":14,"column":178},"end":{"line":14,"column":183}},"loc":{"start":{"line":14,"column":191},"end":{"line":14,"column":266}},"line":14},"6":{"name":"_throw","decl":{"start":{"line":14,"column":276},"end":{"line":14,"column":282}},"loc":{"start":{"line":14,"column":288},"end":{"line":14,"column":362}},"line":14},"7":{"name":"(anonymous_7)","decl":{"start":{"line":23,"column":12},"end":{"line":23,"column":13}},"loc":{"start":{"line":23,"column":24},"end":{"line":74,"column":3}},"line":23},"8":{"name":"_callee","decl":{"start":{"line":26,"column":37},"end":{"line":26,"column":44}},"loc":{"start":{"line":26,"column":55},"end":{"line":67,"column":5}},"line":26},"9":{"name":"_callee$","decl":{"start":{"line":29,"column":46},"end":{"line":29,"column":54}},"loc":{"start":{"line":29,"column":65},"end":{"line":66,"column":7}},"line":29},"10":{"name":"getUsers","decl":{"start":{"line":69,"column":13},"end":{"line":69,"column":21}},"loc":{"start":{"line":69,"column":31},"end":{"line":71,"column":5}},"line":69},"11":{"name":"(anonymous_11)","decl":{"start":{"line":81,"column":15},"end":{"line":81,"column":16}},"loc":{"start":{"line":81,"column":27},"end":{"line":150,"column":3}},"line":81},"12":{"name":"_callee2","decl":{"start":{"line":84,"column":37},"end":{"line":84,"column":45}},"loc":{"start":{"line":84,"column":56},"end":{"line":143,"column":5}},"line":84},"13":{"name":"_callee2$","decl":{"start":{"line":87,"column":46},"end":{"line":87,"column":55}},"loc":{"start":{"line":87,"column":67},"end":{"line":142,"column":7}},"line":87},"14":{"name":"getUserById","decl":{"start":{"line":145,"column":13},"end":{"line":145,"column":24}},"loc":{"start":{"line":145,"column":35},"end":{"line":147,"column":5}},"line":145}},"branchMap":{"0":{"loc":{"start":{"line":10,"column":46},"end":{"line":10,"column":94}},"type":"cond-expr","locations":[{"start":{"line":10,"column":70},"end":{"line":10,"column":73}},{"start":{"line":10,"column":76},"end":{"line":10,"column":94}}],"line":10},"1":{"loc":{"start":{"line":10,"column":46},"end":{"line":10,"column":67}},"type":"binary-expr","locations":[{"start":{"line":10,"column":46},"end":{"line":10,"column":49}},{"start":{"line":10,"column":53},"end":{"line":10,"column":67}}],"line":10},"2":{"loc":{"start":{"line":12,"column":176},"end":{"line":12,"column":263}},"type":"if","locations":[{"start":{"line":12,"column":176},"end":{"line":12,"column":263}},{"start":{"line":12,"column":176},"end":{"line":12,"column":263}}],"line":12},"3":{"loc":{"start":{"line":31,"column":10},"end":{"line":64,"column":11}},"type":"switch","locations":[{"start":{"line":32,"column":12},"end":{"line":35,"column":52}},{"start":{"line":37,"column":12},"end":{"line":45,"column":18}},{"start":{"line":47,"column":12},"end":{"line":59,"column":18}},{"start":{"line":61,"column":12},"end":{"line":61,"column":20}},{"start":{"line":62,"column":12},"end":{"line":63,"column":37}}],"line":31},"4":{"loc":{"start":{"line":51,"column":14},"end":{"line":54,"column":15}},"type":"if","locations":[{"start":{"line":51,"column":14},"end":{"line":54,"column":15}},{"start":{"line":51,"column":14},"end":{"line":54,"column":15}}],"line":51},"5":{"loc":{"start":{"line":89,"column":10},"end":{"line":140,"column":11}},"type":"switch","locations":[{"start":{"line":90,"column":12},"end":{"line":93,"column":66}},{"start":{"line":95,"column":12},"end":{"line":109,"column":18}},{"start":{"line":111,"column":12},"end":{"line":119,"column":18}},{"start":{"line":121,"column":12},"end":{"line":135,"column":18}},{"start":{"line":137,"column":12},"end":{"line":137,"column":20}},{"start":{"line":138,"column":12},"end":{"line":139,"column":38}}],"line":89},"6":{"loc":{"start":{"line":99,"column":14},"end":{"line":102,"column":15}},"type":"if","locations":[{"start":{"line":99,"column":14},"end":{"line":102,"column":15}},{"start":{"line":99,"column":14},"end":{"line":102,"column":15}}],"line":99},"7":{"loc":{"start":{"line":125,"column":14},"end":{"line":128,"column":15}},"type":"if","locations":[{"start":{"line":125,"column":14},"end":{"line":128,"column":15}},{"start":{"line":125,"column":14},"end":{"line":128,"column":15}}],"line":125}},"s":{"0":1,"1":1,"2":1,"3":1,"4":0,"5":0,"6":0,"7":0,"8":0,"9":0,"10":0,"11":0,"12":2,"13":0,"14":0,"15":0,"16":0,"17":0,"18":0,"19":0,"20":1,"21":1,"22":0,"23":0,"24":0,"25":0,"26":0,"27":0,"28":0,"29":0,"30":0,"31":0,"32":0,"33":0,"34":0,"35":0,"36":0,"37":0,"38":0,"39":1,"40":1,"41":0,"42":0,"43":0,"44":0,"45":0,"46":0,"47":0,"48":0,"49":0,"50":0,"51":0,"52":0,"53":0,"54":0,"55":0,"56":0,"57":0,"58":0,"59":0,"60":0,"61":0,"62":1,"63":1,"64":1},"f":{"0":1,"1":0,"2":2,"3":0,"4":0,"5":0,"6":0,"7":1,"8":0,"9":0,"10":0,"11":1,"12":0,"13":0,"14":0},"b":{"0":[1,0],"1":[1,1],"2":[0,0],"3":[0,0,0,0,0],"4":[0,0],"5":[0,0,0,0,0,0],"6":[0,0],"7":[0,0]},"_coverageSchema":"43e27e138ebf9cfc5966b082cf9a028302ed4184","hash":"6eb84e218b6e075ba07a515fb495e75b9afe5d78","contentHash":"50bb63cd37faceacd87d8ccb62953a513c55770212f5bb167f5cf2870674d217"},"C:\\Users\\HP\\Desktop\\wayfarer\\src\\models\\user.js":{"path":"C:\\Users\\HP\\Desktop\\wayfarer\\src\\models\\user.js","statementMap":{"0":{"start":{"line":3,"column":0},"end":{"line":5,"column":3}},"1":{"start":{"line":6,"column":0},"end":{"line":6,"column":28}},"2":{"start":{"line":8,"column":10},"end":{"line":8,"column":59}},"3":{"start":{"line":10,"column":39},"end":{"line":10,"column":95}},"4":{"start":{"line":12,"column":16},"end":{"line":43,"column":1}},"5":{"start":{"line":18,"column":4},"end":{"line":18,"column":167}},"6":{"start":{"line":25,"column":4},"end":{"line":25,"column":112}},"7":{"start":{"line":33,"column":4},"end":{"line":33,"column":98}},"8":{"start":{"line":41,"column":4},"end":{"line":41,"column":81}},"9":{"start":{"line":44,"column":15},"end":{"line":44,"column":24}},"10":{"start":{"line":45,"column":0},"end":{"line":45,"column":30}}},"fnMap":{"0":{"name":"_interopRequireDefault","decl":{"start":{"line":10,"column":9},"end":{"line":10,"column":31}},"loc":{"start":{"line":10,"column":37},"end":{"line":10,"column":97}},"line":10},"1":{"name":"createUser","decl":{"start":{"line":17,"column":23},"end":{"line":17,"column":33}},"loc":{"start":{"line":17,"column":45},"end":{"line":19,"column":3}},"line":17},"2":{"name":"getAllUsers","decl":{"start":{"line":24,"column":24},"end":{"line":24,"column":35}},"loc":{"start":{"line":24,"column":38},"end":{"line":26,"column":3}},"line":24},"3":{"name":"findUserById","decl":{"start":{"line":32,"column":25},"end":{"line":32,"column":37}},"loc":{"start":{"line":32,"column":42},"end":{"line":34,"column":3}},"line":32},"4":{"name":"getUserByEmail","decl":{"start":{"line":40,"column":27},"end":{"line":40,"column":41}},"loc":{"start":{"line":40,"column":49},"end":{"line":42,"column":3}},"line":40}},"branchMap":{"0":{"loc":{"start":{"line":10,"column":46},"end":{"line":10,"column":94}},"type":"cond-expr","locations":[{"start":{"line":10,"column":70},"end":{"line":10,"column":73}},{"start":{"line":10,"column":76},"end":{"line":10,"column":94}}],"line":10},"1":{"loc":{"start":{"line":10,"column":46},"end":{"line":10,"column":67}},"type":"binary-expr","locations":[{"start":{"line":10,"column":46},"end":{"line":10,"column":49}},{"start":{"line":10,"column":53},"end":{"line":10,"column":67}}],"line":10}},"s":{"0":1,"1":1,"2":1,"3":1,"4":1,"5":2,"6":0,"7":9,"8":3,"9":1,"10":1},"f":{"0":1,"1":2,"2":0,"3":9,"4":3},"b":{"0":[0,1],"1":[1,1]},"_coverageSchema":"43e27e138ebf9cfc5966b082cf9a028302ed4184","hash":"0c05335e855632234c07680d0501c8a40be03f04","contentHash":"2e10c8446d42ecf5f018c48582ff4b9fa1b3f6790d684764ea73dc3305a52911"},"C:\\Users\\HP\\Desktop\\wayfarer\\src\\database\\db.js":{"path":"C:\\Users\\HP\\Desktop\\wayfarer\\src\\database\\db.js","statementMap":{"0":{"start":{"line":3,"column":10},"end":{"line":3,"column":23}},"1":{"start":{"line":5,"column":14},"end":{"line":5,"column":55}},"2":{"start":{"line":7,"column":39},"end":{"line":7,"column":95}},"3":{"start":{"line":9,"column":0},"end":{"line":9,"column":28}},"4":{"start":{"line":13,"column":0},"end":{"line":17,"column":1}},"5":{"start":{"line":14,"column":2},"end":{"line":14,"column":32}},"6":{"start":{"line":15,"column":7},"end":{"line":17,"column":1}},"7":{"start":{"line":16,"column":2},"end":{"line":16,"column":33}},"8":{"start":{"line":19,"column":11},"end":{"line":25,"column":2}},"9":{"start":{"line":26,"column":0},"end":{"line":28,"column":3}},"10":{"start":{"line":27,"column":2},"end":{"line":27,"column":58}},"11":{"start":{"line":29,"column":0},"end":{"line":29,"column":22}}},"fnMap":{"0":{"name":"_interopRequireDefault","decl":{"start":{"line":7,"column":9},"end":{"line":7,"column":31}},"loc":{"start":{"line":7,"column":37},"end":{"line":7,"column":97}},"line":7},"1":{"name":"(anonymous_1)","decl":{"start":{"line":26,"column":19},"end":{"line":26,"column":20}},"loc":{"start":{"line":26,"column":31},"end":{"line":28,"column":1}},"line":26}},"branchMap":{"0":{"loc":{"start":{"line":7,"column":46},"end":{"line":7,"column":94}},"type":"cond-expr","locations":[{"start":{"line":7,"column":70},"end":{"line":7,"column":73}},{"start":{"line":7,"column":76},"end":{"line":7,"column":94}}],"line":7},"1":{"loc":{"start":{"line":7,"column":46},"end":{"line":7,"column":67}},"type":"binary-expr","locations":[{"start":{"line":7,"column":46},"end":{"line":7,"column":49}},{"start":{"line":7,"column":53},"end":{"line":7,"column":67}}],"line":7},"2":{"loc":{"start":{"line":13,"column":0},"end":{"line":17,"column":1}},"type":"if","locations":[{"start":{"line":13,"column":0},"end":{"line":17,"column":1}},{"start":{"line":13,"column":0},"end":{"line":17,"column":1}}],"line":13},"3":{"loc":{"start":{"line":15,"column":7},"end":{"line":17,"column":1}},"type":"if","locations":[{"start":{"line":15,"column":7},"end":{"line":17,"column":1}},{"start":{"line":15,"column":7},"end":{"line":17,"column":1}}],"line":15},"4":{"loc":{"start":{"line":15,"column":11},"end":{"line":15,"column":77}},"type":"binary-expr","locations":[{"start":{"line":15,"column":11},"end":{"line":15,"column":42}},{"start":{"line":15,"column":46},"end":{"line":15,"column":77}}],"line":15}},"s":{"0":1,"1":1,"2":1,"3":1,"4":1,"5":0,"6":1,"7":1,"8":1,"9":1,"10":1,"11":1},"f":{"0":1,"1":1},"b":{"0":[0,1],"1":[1,1],"2":[0,1],"3":[1,0],"4":[1,0]},"_coverageSchema":"43e27e138ebf9cfc5966b082cf9a028302ed4184","hash":"e4ea1feaf07bcbb46dab5be01af601083cad9cda","contentHash":"0883e59fbe01c67a355a3fb8a6deefd6bd85d4046ae45d3524542ae5abf38265"},"C:\\Users\\HP\\Desktop\\wayfarer\\src\\routes\\auth.js":{"path":"C:\\Users\\HP\\Desktop\\wayfarer\\src\\routes\\auth.js","statementMap":{"0":{"start":{"line":3,"column":0},"end":{"line":5,"column":3}},"1":{"start":{"line":6,"column":0},"end":{"line":6,"column":30}},"2":{"start":{"line":8,"column":12},"end":{"line":8,"column":66}},"3":{"start":{"line":10,"column":16},"end":{"line":10,"column":49}},"4":{"start":{"line":12,"column":39},"end":{"line":12,"column":95}},"5":{"start":{"line":15,"column":2},"end":{"line":15,"column":118}},"6":{"start":{"line":16,"column":2},"end":{"line":16,"column":64}}},"fnMap":{"0":{"name":"_interopRequireDefault","decl":{"start":{"line":12,"column":9},"end":{"line":12,"column":31}},"loc":{"start":{"line":12,"column":37},"end":{"line":12,"column":97}},"line":12},"1":{"name":"_default","decl":{"start":{"line":14,"column":9},"end":{"line":14,"column":17}},"loc":{"start":{"line":14,"column":23},"end":{"line":17,"column":1}},"line":14}},"branchMap":{"0":{"loc":{"start":{"line":12,"column":46},"end":{"line":12,"column":94}},"type":"cond-expr","locations":[{"start":{"line":12,"column":70},"end":{"line":12,"column":73}},{"start":{"line":12,"column":76},"end":{"line":12,"column":94}}],"line":12},"1":{"loc":{"start":{"line":12,"column":46},"end":{"line":12,"column":67}},"type":"binary-expr","locations":[{"start":{"line":12,"column":46},"end":{"line":12,"column":49}},{"start":{"line":12,"column":53},"end":{"line":12,"column":67}}],"line":12}},"s":{"0":1,"1":1,"2":1,"3":1,"4":1,"5":1,"6":1},"f":{"0":1,"1":1},"b":{"0":[1,0],"1":[1,1]},"_coverageSchema":"43e27e138ebf9cfc5966b082cf9a028302ed4184","hash":"537c31009d67ab0e14b37ab309f16ee4fd40db66","contentHash":"90ff5d1da796ecb935b236cdda558a953f2dcf3c4b275125796fc9adc37b9893"},"C:\\Users\\HP\\Desktop\\wayfarer\\src\\controllers\\auth.js":{"path":"C:\\Users\\HP\\Desktop\\wayfarer\\src\\controllers\\auth.js","statementMap":{"0":{"start":{"line":3,"column":0},"end":{"line":5,"column":3}},"1":{"start":{"line":6,"column":0},"end":{"line":6,"column":28}},"2":{"start":{"line":8,"column":12},"end":{"line":8,"column":61}},"3":{"start":{"line":10,"column":22},"end":{"line":10,"column":82}},"4":{"start":{"line":12,"column":19},"end":{"line":12,"column":76}},"5":{"start":{"line":14,"column":17},"end":{"line":14,"column":72}},"6":{"start":{"line":16,"column":39},"end":{"line":16,"column":95}},"7":{"start":{"line":18,"column":77},"end":{"line":18,"column":175}},"8":{"start":{"line":18,"column":94},"end":{"line":18,"column":107}},"9":{"start":{"line":18,"column":121},"end":{"line":18,"column":131}},"10":{"start":{"line":18,"column":151},"end":{"line":18,"column":165}},"11":{"start":{"line":18,"column":166},"end":{"line":18,"column":173}},"12":{"start":{"line":18,"column":176},"end":{"line":18,"column":263}},"13":{"start":{"line":18,"column":193},"end":{"line":18,"column":208}},"14":{"start":{"line":18,"column":218},"end":{"line":18,"column":261}},"15":{"start":{"line":20,"column":33},"end":{"line":20,"column":387}},"16":{"start":{"line":20,"column":65},"end":{"line":20,"column":69}},"17":{"start":{"line":20,"column":78},"end":{"line":20,"column":87}},"18":{"start":{"line":20,"column":89},"end":{"line":20,"column":384}},"19":{"start":{"line":20,"column":147},"end":{"line":20,"column":167}},"20":{"start":{"line":20,"column":193},"end":{"line":20,"column":264}},"21":{"start":{"line":20,"column":290},"end":{"line":20,"column":360}},"22":{"start":{"line":20,"column":363},"end":{"line":20,"column":380}},"23":{"start":{"line":22,"column":11},"end":{"line":234,"column":1}},"24":{"start":{"line":30,"column":20},"end":{"line":89,"column":7}},"25":{"start":{"line":35,"column":6},"end":{"line":88,"column":35}},"26":{"start":{"line":36,"column":8},"end":{"line":87,"column":9}},"27":{"start":{"line":37,"column":10},"end":{"line":86,"column":11}},"28":{"start":{"line":39,"column":14},"end":{"line":39,"column":32}},"29":{"start":{"line":40,"column":14},"end":{"line":40,"column":80}},"30":{"start":{"line":43,"column":14},"end":{"line":43,"column":45}},"31":{"start":{"line":44,"column":14},"end":{"line":44,"column":128}},"32":{"start":{"line":45,"column":14},"end":{"line":45,"column":31}},"33":{"start":{"line":46,"column":14},"end":{"line":46,"column":32}},"34":{"start":{"line":47,"column":14},"end":{"line":47,"column":86}},"35":{"start":{"line":48,"column":14},"end":{"line":48,"column":32}},"36":{"start":{"line":49,"column":14},"end":{"line":49,"column":63}},"37":{"start":{"line":52,"column":14},"end":{"line":52,"column":35}},"38":{"start":{"line":53,"column":14},"end":{"line":53,"column":31}},"39":{"start":{"line":54,"column":14},"end":{"line":54,"column":33}},"40":{"start":{"line":55,"column":14},"end":{"line":55,"column":78}},"41":{"start":{"line":58,"column":14},"end":{"line":58,"column":36}},"42":{"start":{"line":59,"column":14},"end":{"line":67,"column":18}},"43":{"start":{"line":70,"column":14},"end":{"line":70,"column":33}},"44":{"start":{"line":71,"column":14},"end":{"line":71,"column":49}},"45":{"start":{"line":73,"column":14},"end":{"line":76,"column":15}},"46":{"start":{"line":74,"column":16},"end":{"line":74,"column":35}},"47":{"start":{"line":75,"column":16},"end":{"line":75,"column":22}},"48":{"start":{"line":78,"column":14},"end":{"line":81,"column":18}},"49":{"start":{"line":85,"column":14},"end":{"line":85,"column":37}},"50":{"start":{"line":92,"column":6},"end":{"line":92,"column":46}},"51":{"start":{"line":95,"column":4},"end":{"line":95,"column":20}},"52":{"start":{"line":104,"column":17},"end":{"line":226,"column":7}},"53":{"start":{"line":109,"column":6},"end":{"line":225,"column":36}},"54":{"start":{"line":110,"column":8},"end":{"line":224,"column":9}},"55":{"start":{"line":111,"column":10},"end":{"line":223,"column":11}},"56":{"start":{"line":113,"column":14},"end":{"line":116,"column":15}},"57":{"start":{"line":114,"column":16},"end":{"line":114,"column":35}},"58":{"start":{"line":115,"column":16},"end":{"line":115,"column":22}},"59":{"start":{"line":118,"column":14},"end":{"line":123,"column":18}},"60":{"start":{"line":126,"column":14},"end":{"line":126,"column":33}},"61":{"start":{"line":127,"column":14},"end":{"line":127,"column":74}},"62":{"start":{"line":130,"column":14},"end":{"line":130,"column":42}},"63":{"start":{"line":132,"column":14},"end":{"line":135,"column":15}},"64":{"start":{"line":133,"column":16},"end":{"line":133,"column":35}},"65":{"start":{"line":134,"column":16},"end":{"line":134,"column":22}},"66":{"start":{"line":137,"column":14},"end":{"line":142,"column":18}},"67":{"start":{"line":145,"column":14},"end":{"line":145,"column":33}},"68":{"start":{"line":146,"column":14},"end":{"line":146,"column":34}},"69":{"start":{"line":147,"column":14},"end":{"line":147,"column":69}},"70":{"start":{"line":150,"column":14},"end":{"line":150,"column":37}},"71":{"start":{"line":151,"column":14},"end":{"line":151,"column":32}},"72":{"start":{"line":153,"column":14},"end":{"line":156,"column":15}},"73":{"start":{"line":154,"column":16},"end":{"line":154,"column":36}},"74":{"start":{"line":155,"column":16},"end":{"line":155,"column":22}},"75":{"start":{"line":158,"column":14},"end":{"line":163,"column":18}},"76":{"start":{"line":166,"column":14},"end":{"line":166,"column":34}},"77":{"start":{"line":167,"column":14},"end":{"line":167,"column":101}},"78":{"start":{"line":170,"column":14},"end":{"line":170,"column":45}},"79":{"start":{"line":172,"column":14},"end":{"line":175,"column":15}},"80":{"start":{"line":173,"column":16},"end":{"line":173,"column":36}},"81":{"start":{"line":174,"column":16},"end":{"line":174,"column":22}},"82":{"start":{"line":177,"column":14},"end":{"line":182,"column":18}},"83":{"start":{"line":185,"column":14},"end":{"line":187,"column":15}},"84":{"start":{"line":186,"column":16},"end":{"line":186,"column":41}},"85":{"start":{"line":189,"column":14},"end":{"line":189,"column":34}},"86":{"start":{"line":190,"column":14},"end":{"line":190,"column":78}},"87":{"start":{"line":193,"column":14},"end":{"line":193,"column":37}},"88":{"start":{"line":194,"column":14},"end":{"line":202,"column":18}},"89":{"start":{"line":205,"column":14},"end":{"line":205,"column":34}},"90":{"start":{"line":206,"column":14},"end":{"line":206,"column":51}},"91":{"start":{"line":208,"column":14},"end":{"line":211,"column":15}},"92":{"start":{"line":209,"column":16},"end":{"line":209,"column":36}},"93":{"start":{"line":210,"column":16},"end":{"line":210,"column":22}},"94":{"start":{"line":213,"column":14},"end":{"line":218,"column":18}},"95":{"start":{"line":222,"column":14},"end":{"line":222,"column":38}},"96":{"start":{"line":229,"column":6},"end":{"line":229,"column":43}},"97":{"start":{"line":232,"column":4},"end":{"line":232,"column":17}},"98":{"start":{"line":235,"column":15},"end":{"line":235,"column":19}},"99":{"start":{"line":236,"column":0},"end":{"line":236,"column":30}}},"fnMap":{"0":{"name":"_interopRequireDefault","decl":{"start":{"line":16,"column":9},"end":{"line":16,"column":31}},"loc":{"start":{"line":16,"column":37},"end":{"line":16,"column":97}},"line":16},"1":{"name":"asyncGeneratorStep","decl":{"start":{"line":18,"column":9},"end":{"line":18,"column":27}},"loc":{"start":{"line":18,"column":75},"end":{"line":18,"column":265}},"line":18},"2":{"name":"_asyncToGenerator","decl":{"start":{"line":20,"column":9},"end":{"line":20,"column":26}},"loc":{"start":{"line":20,"column":31},"end":{"line":20,"column":389}},"line":20},"3":{"name":"(anonymous_3)","decl":{"start":{"line":20,"column":40},"end":{"line":20,"column":41}},"loc":{"start":{"line":20,"column":52},"end":{"line":20,"column":386}},"line":20},"4":{"name":"(anonymous_4)","decl":{"start":{"line":20,"column":108},"end":{"line":20,"column":109}},"loc":{"start":{"line":20,"column":135},"end":{"line":20,"column":382}},"line":20},"5":{"name":"_next","decl":{"start":{"line":20,"column":178},"end":{"line":20,"column":183}},"loc":{"start":{"line":20,"column":191},"end":{"line":20,"column":266}},"line":20},"6":{"name":"_throw","decl":{"start":{"line":20,"column":276},"end":{"line":20,"column":282}},"loc":{"start":{"line":20,"column":288},"end":{"line":20,"column":362}},"line":20},"7":{"name":"(anonymous_7)","decl":{"start":{"line":29,"column":12},"end":{"line":29,"column":13}},"loc":{"start":{"line":29,"column":24},"end":{"line":96,"column":3}},"line":29},"8":{"name":"_callee","decl":{"start":{"line":32,"column":37},"end":{"line":32,"column":44}},"loc":{"start":{"line":32,"column":55},"end":{"line":89,"column":5}},"line":32},"9":{"name":"_callee$","decl":{"start":{"line":35,"column":46},"end":{"line":35,"column":54}},"loc":{"start":{"line":35,"column":65},"end":{"line":88,"column":7}},"line":35},"10":{"name":"postUser","decl":{"start":{"line":91,"column":13},"end":{"line":91,"column":21}},"loc":{"start":{"line":91,"column":31},"end":{"line":93,"column":5}},"line":91},"11":{"name":"(anonymous_11)","decl":{"start":{"line":103,"column":9},"end":{"line":103,"column":10}},"loc":{"start":{"line":103,"column":21},"end":{"line":233,"column":3}},"line":103},"12":{"name":"_callee2","decl":{"start":{"line":106,"column":37},"end":{"line":106,"column":45}},"loc":{"start":{"line":106,"column":56},"end":{"line":226,"column":5}},"line":106},"13":{"name":"_callee2$","decl":{"start":{"line":109,"column":46},"end":{"line":109,"column":55}},"loc":{"start":{"line":109,"column":67},"end":{"line":225,"column":7}},"line":109},"14":{"name":"login","decl":{"start":{"line":228,"column":13},"end":{"line":228,"column":18}},"loc":{"start":{"line":228,"column":29},"end":{"line":230,"column":5}},"line":228}},"branchMap":{"0":{"loc":{"start":{"line":16,"column":46},"end":{"line":16,"column":94}},"type":"cond-expr","locations":[{"start":{"line":16,"column":70},"end":{"line":16,"column":73}},{"start":{"line":16,"column":76},"end":{"line":16,"column":94}}],"line":16},"1":{"loc":{"start":{"line":16,"column":46},"end":{"line":16,"column":67}},"type":"binary-expr","locations":[{"start":{"line":16,"column":46},"end":{"line":16,"column":49}},{"start":{"line":16,"column":53},"end":{"line":16,"column":67}}],"line":16},"2":{"loc":{"start":{"line":18,"column":176},"end":{"line":18,"column":263}},"type":"if","locations":[{"start":{"line":18,"column":176},"end":{"line":18,"column":263}},{"start":{"line":18,"column":176},"end":{"line":18,"column":263}}],"line":18},"3":{"loc":{"start":{"line":37,"column":10},"end":{"line":86,"column":11}},"type":"switch","locations":[{"start":{"line":38,"column":12},"end":{"line":40,"column":80}},{"start":{"line":42,"column":12},"end":{"line":49,"column":63}},{"start":{"line":51,"column":12},"end":{"line":55,"column":78}},{"start":{"line":57,"column":12},"end":{"line":67,"column":18}},{"start":{"line":69,"column":12},"end":{"line":81,"column":18}},{"start":{"line":83,"column":12},"end":{"line":83,"column":20}},{"start":{"line":84,"column":12},"end":{"line":85,"column":37}}],"line":37},"4":{"loc":{"start":{"line":73,"column":14},"end":{"line":76,"column":15}},"type":"if","locations":[{"start":{"line":73,"column":14},"end":{"line":76,"column":15}},{"start":{"line":73,"column":14},"end":{"line":76,"column":15}}],"line":73},"5":{"loc":{"start":{"line":111,"column":10},"end":{"line":223,"column":11}},"type":"switch","locations":[{"start":{"line":112,"column":12},"end":{"line":123,"column":18}},{"start":{"line":125,"column":12},"end":{"line":127,"column":74}},{"start":{"line":129,"column":12},"end":{"line":142,"column":18}},{"start":{"line":144,"column":12},"end":{"line":147,"column":69}},{"start":{"line":149,"column":12},"end":{"line":163,"column":18}},{"start":{"line":165,"column":12},"end":{"line":167,"column":101}},{"start":{"line":169,"column":12},"end":{"line":182,"column":18}},{"start":{"line":184,"column":12},"end":{"line":190,"column":78}},{"start":{"line":192,"column":12},"end":{"line":202,"column":18}},{"start":{"line":204,"column":12},"end":{"line":218,"column":18}},{"start":{"line":220,"column":12},"end":{"line":220,"column":20}},{"start":{"line":221,"column":12},"end":{"line":222,"column":38}}],"line":111},"6":{"loc":{"start":{"line":113,"column":14},"end":{"line":116,"column":15}},"type":"if","locations":[{"start":{"line":113,"column":14},"end":{"line":116,"column":15}},{"start":{"line":113,"column":14},"end":{"line":116,"column":15}}],"line":113},"7":{"loc":{"start":{"line":113,"column":20},"end":{"line":113,"column":57}},"type":"binary-expr","locations":[{"start":{"line":113,"column":20},"end":{"line":113,"column":35}},{"start":{"line":113,"column":39},"end":{"line":113,"column":57}}],"line":113},"8":{"loc":{"start":{"line":132,"column":14},"end":{"line":135,"column":15}},"type":"if","locations":[{"start":{"line":132,"column":14},"end":{"line":135,"column":15}},{"start":{"line":132,"column":14},"end":{"line":135,"column":15}}],"line":132},"9":{"loc":{"start":{"line":153,"column":14},"end":{"line":156,"column":15}},"type":"if","locations":[{"start":{"line":153,"column":14},"end":{"line":156,"column":15}},{"start":{"line":153,"column":14},"end":{"line":156,"column":15}}],"line":153},"10":{"loc":{"start":{"line":172,"column":14},"end":{"line":175,"column":15}},"type":"if","locations":[{"start":{"line":172,"column":14},"end":{"line":175,"column":15}},{"start":{"line":172,"column":14},"end":{"line":175,"column":15}}],"line":172},"11":{"loc":{"start":{"line":185,"column":14},"end":{"line":187,"column":15}},"type":"if","locations":[{"start":{"line":185,"column":14},"end":{"line":187,"column":15}},{"start":{"line":185,"column":14},"end":{"line":187,"column":15}}],"line":185},"12":{"loc":{"start":{"line":208,"column":14},"end":{"line":211,"column":15}},"type":"if","locations":[{"start":{"line":208,"column":14},"end":{"line":211,"column":15}},{"start":{"line":208,"column":14},"end":{"line":211,"column":15}}],"line":208}},"s":{"0":1,"1":1,"2":1,"3":1,"4":1,"5":1,"6":4,"7":21,"8":21,"9":21,"10":0,"11":0,"12":21,"13":5,"14":16,"15":2,"16":5,"17":5,"18":5,"19":5,"20":21,"21":0,"22":5,"23":1,"24":1,"25":2,"26":10,"27":10,"28":2,"29":2,"30":2,"31":2,"32":2,"33":2,"34":2,"35":2,"36":2,"37":2,"38":2,"39":2,"40":2,"41":2,"42":2,"43":0,"44":0,"45":0,"46":0,"47":0,"48":0,"49":2,"50":2,"51":1,"52":1,"53":3,"54":16,"55":26,"56":3,"57":3,"58":3,"59":0,"60":3,"61":3,"62":3,"63":3,"64":3,"65":3,"66":0,"67":3,"68":3,"69":3,"70":3,"71":3,"72":3,"73":2,"74":2,"75":1,"76":2,"77":2,"78":2,"79":2,"80":2,"81":2,"82":0,"83":2,"84":1,"85":2,"86":2,"87":2,"88":2,"89":0,"90":0,"91":0,"92":0,"93":0,"94":0,"95":3,"96":3,"97":1,"98":1,"99":1},"f":{"0":4,"1":21,"2":2,"3":5,"4":5,"5":21,"6":0,"7":1,"8":2,"9":10,"10":2,"11":1,"12":3,"13":16,"14":3},"b":{"0":[4,0],"1":[4,4],"2":[5,16],"3":[2,2,2,2,0,0,2],"4":[0,0],"5":[3,3,3,3,3,2,2,2,2,0,0,3],"6":[3,0],"7":[3,3],"8":[3,0],"9":[2,1],"10":[2,0],"11":[1,1],"12":[0,0]},"_coverageSchema":"43e27e138ebf9cfc5966b082cf9a028302ed4184","hash":"d2e987ca7219767dabb39a9ccf1c1b0e53e48c0f","contentHash":"f8af9114ba5c7d39c437afc172a3e762ca557e9e48a2cb2036fb0fe0aa7b243e"},"C:\\Users\\HP\\Desktop\\wayfarer\\src\\helpers\\passwordHelper.js":{"path":"C:\\Users\\HP\\Desktop\\wayfarer\\src\\helpers\\passwordHelper.js","statementMap":{"0":{"start":{"line":3,"column":0},"end":{"line":5,"column":3}},"1":{"start":{"line":6,"column":0},"end":{"line":6,"column":28}},"2":{"start":{"line":8,"column":14},"end":{"line":8,"column":55}},"3":{"start":{"line":10,"column":39},"end":{"line":10,"column":95}},"4":{"start":{"line":12,"column":21},"end":{"line":33,"column":1}},"5":{"start":{"line":19,"column":15},"end":{"line":19,"column":49}},"6":{"start":{"line":21,"column":4},"end":{"line":21,"column":55}},"7":{"start":{"line":31,"column":4},"end":{"line":31,"column":68}},"8":{"start":{"line":34,"column":15},"end":{"line":34,"column":29}},"9":{"start":{"line":35,"column":0},"end":{"line":35,"column":30}}},"fnMap":{"0":{"name":"_interopRequireDefault","decl":{"start":{"line":10,"column":9},"end":{"line":10,"column":31}},"loc":{"start":{"line":10,"column":37},"end":{"line":10,"column":97}},"line":10},"1":{"name":"hashPassword","decl":{"start":{"line":18,"column":25},"end":{"line":18,"column":37}},"loc":{"start":{"line":18,"column":48},"end":{"line":22,"column":3}},"line":18},"2":{"name":"comparePassword","decl":{"start":{"line":30,"column":28},"end":{"line":30,"column":43}},"loc":{"start":{"line":30,"column":70},"end":{"line":32,"column":3}},"line":30}},"branchMap":{"0":{"loc":{"start":{"line":10,"column":46},"end":{"line":10,"column":94}},"type":"cond-expr","locations":[{"start":{"line":10,"column":70},"end":{"line":10,"column":73}},{"start":{"line":10,"column":76},"end":{"line":10,"column":94}}],"line":10},"1":{"loc":{"start":{"line":10,"column":46},"end":{"line":10,"column":67}},"type":"binary-expr","locations":[{"start":{"line":10,"column":46},"end":{"line":10,"column":49}},{"start":{"line":10,"column":53},"end":{"line":10,"column":67}}],"line":10}},"s":{"0":1,"1":1,"2":1,"3":1,"4":1,"5":2,"6":2,"7":2,"8":1,"9":1},"f":{"0":1,"1":2,"2":2},"b":{"0":[0,1],"1":[1,1]},"_coverageSchema":"43e27e138ebf9cfc5966b082cf9a028302ed4184","hash":"dc0979008ffc72e8742a53066852fe0ab547f549","contentHash":"383fc50465566b4263f3e34c3c2e1854089d24945e708bfde3c838bff50cea95"},"C:\\Users\\HP\\Desktop\\wayfarer\\src\\helpers\\emailHelper.js":{"path":"C:\\Users\\HP\\Desktop\\wayfarer\\src\\helpers\\emailHelper.js","statementMap":{"0":{"start":{"line":3,"column":0},"end":{"line":5,"column":3}},"1":{"start":{"line":6,"column":0},"end":{"line":6,"column":28}},"2":{"start":{"line":7,"column":18},"end":{"line":16,"column":1}},"3":{"start":{"line":14,"column":4},"end":{"line":14,"column":38}},"4":{"start":{"line":17,"column":15},"end":{"line":17,"column":26}},"5":{"start":{"line":18,"column":0},"end":{"line":18,"column":30}}},"fnMap":{"0":{"name":"isValidEmail","decl":{"start":{"line":13,"column":25},"end":{"line":13,"column":37}},"loc":{"start":{"line":13,"column":45},"end":{"line":15,"column":3}},"line":13}},"branchMap":{},"s":{"0":1,"1":1,"2":1,"3":3,"4":1,"5":1},"f":{"0":3},"b":{},"_coverageSchema":"43e27e138ebf9cfc5966b082cf9a028302ed4184","hash":"c39ecf871fcb0634d4e353ce7f0fcdc311ecf7f1","contentHash":"95cdc9b28be2accfad14324b3edc73d8c1639c33c13b5c894e38dd1603d53814"},"C:\\Users\\HP\\Desktop\\wayfarer\\src\\helpers\\jwtHelper.js":{"path":"C:\\Users\\HP\\Desktop\\wayfarer\\src\\helpers\\jwtHelper.js","statementMap":{"0":{"start":{"line":3,"column":0},"end":{"line":5,"column":3}},"1":{"start":{"line":6,"column":0},"end":{"line":6,"column":39}},"2":{"start":{"line":8,"column":20},"end":{"line":8,"column":67}},"3":{"start":{"line":10,"column":39},"end":{"line":10,"column":95}},"4":{"start":{"line":13,"column":0},"end":{"line":13,"column":27}},"5":{"start":{"line":22,"column":14},"end":{"line":27,"column":4}},"6":{"start":{"line":29,"column":2},"end":{"line":29,"column":15}}},"fnMap":{"0":{"name":"_interopRequireDefault","decl":{"start":{"line":10,"column":9},"end":{"line":10,"column":31}},"loc":{"start":{"line":10,"column":37},"end":{"line":10,"column":97}},"line":10},"1":{"name":"generateAuthToken","decl":{"start":{"line":21,"column":9},"end":{"line":21,"column":26}},"loc":{"start":{"line":21,"column":41},"end":{"line":30,"column":1}},"line":21}},"branchMap":{"0":{"loc":{"start":{"line":10,"column":46},"end":{"line":10,"column":94}},"type":"cond-expr","locations":[{"start":{"line":10,"column":70},"end":{"line":10,"column":73}},{"start":{"line":10,"column":76},"end":{"line":10,"column":94}}],"line":10},"1":{"loc":{"start":{"line":10,"column":46},"end":{"line":10,"column":67}},"type":"binary-expr","locations":[{"start":{"line":10,"column":46},"end":{"line":10,"column":49}},{"start":{"line":10,"column":53},"end":{"line":10,"column":67}}],"line":10}},"s":{"0":1,"1":1,"2":1,"3":1,"4":1,"5":4,"6":4},"f":{"0":1,"1":4},"b":{"0":[0,1],"1":[1,1]},"_coverageSchema":"43e27e138ebf9cfc5966b082cf9a028302ed4184","hash":"c323a91188976dba3265a7dc1566f06770f47210","contentHash":"5047bad2604544cd8d72605511f2f454adf5fd4f19623b4c9f4d5f306d5f4901"},"C:\\Users\\HP\\Desktop\\wayfarer\\src\\middleware\\validate.js":{"path":"C:\\Users\\HP\\Desktop\\wayfarer\\src\\middleware\\validate.js","statementMap":{"0":{"start":{"line":3,"column":11},"end":{"line":3,"column":49}},"1":{"start":{"line":5,"column":39},"end":{"line":5,"column":95}},"2":{"start":{"line":9,"column":2},"end":{"line":15,"column":4}},"3":{"start":{"line":10,"column":21},"end":{"line":10,"column":40}},"4":{"start":{"line":11,"column":16},"end":{"line":11,"column":32}},"5":{"start":{"line":13,"column":4},"end":{"line":13,"column":69}},"6":{"start":{"line":13,"column":15},"end":{"line":13,"column":69}},"7":{"start":{"line":14,"column":4},"end":{"line":14,"column":11}},"8":{"start":{"line":19,"column":15},"end":{"line":25,"column":3}},"9":{"start":{"line":26,"column":2},"end":{"line":26,"column":48}},"10":{"start":{"line":30,"column":15},"end":{"line":36,"column":3}},"11":{"start":{"line":37,"column":2},"end":{"line":37,"column":47}},"12":{"start":{"line":41,"column":15},"end":{"line":48,"column":3}},"13":{"start":{"line":49,"column":2},"end":{"line":49,"column":48}},"14":{"start":{"line":52,"column":0},"end":{"line":57,"column":2}}},"fnMap":{"0":{"name":"_interopRequireDefault","decl":{"start":{"line":5,"column":9},"end":{"line":5,"column":31}},"loc":{"start":{"line":5,"column":37},"end":{"line":5,"column":97}},"line":5},"1":{"name":"validate","decl":{"start":{"line":8,"column":9},"end":{"line":8,"column":17}},"loc":{"start":{"line":8,"column":29},"end":{"line":16,"column":1}},"line":8},"2":{"name":"(anonymous_2)","decl":{"start":{"line":9,"column":9},"end":{"line":9,"column":10}},"loc":{"start":{"line":9,"column":35},"end":{"line":15,"column":3}},"line":9},"3":{"name":"validateUser","decl":{"start":{"line":18,"column":9},"end":{"line":18,"column":21}},"loc":{"start":{"line":18,"column":28},"end":{"line":27,"column":1}},"line":18},"4":{"name":"validateBus","decl":{"start":{"line":29,"column":9},"end":{"line":29,"column":20}},"loc":{"start":{"line":29,"column":26},"end":{"line":38,"column":1}},"line":29},"5":{"name":"validateTrip","decl":{"start":{"line":40,"column":9},"end":{"line":40,"column":21}},"loc":{"start":{"line":40,"column":28},"end":{"line":50,"column":1}},"line":40}},"branchMap":{"0":{"loc":{"start":{"line":5,"column":46},"end":{"line":5,"column":94}},"type":"cond-expr","locations":[{"start":{"line":5,"column":70},"end":{"line":5,"column":73}},{"start":{"line":5,"column":76},"end":{"line":5,"column":94}}],"line":5},"1":{"loc":{"start":{"line":5,"column":46},"end":{"line":5,"column":67}},"type":"binary-expr","locations":[{"start":{"line":5,"column":46},"end":{"line":5,"column":49}},{"start":{"line":5,"column":53},"end":{"line":5,"column":67}}],"line":5},"2":{"loc":{"start":{"line":13,"column":4},"end":{"line":13,"column":69}},"type":"if","locations":[{"start":{"line":13,"column":4},"end":{"line":13,"column":69}},{"start":{"line":13,"column":4},"end":{"line":13,"column":69}}],"line":13}},"s":{"0":1,"1":1,"2":3,"3":5,"4":5,"5":5,"6":1,"7":4,"8":3,"9":3,"10":1,"11":1,"12":1,"13":1,"14":1},"f":{"0":1,"1":3,"2":5,"3":3,"4":1,"5":1},"b":{"0":[0,1],"1":[1,1],"2":[1,4]},"_coverageSchema":"43e27e138ebf9cfc5966b082cf9a028302ed4184","hash":"477f812f09ab53cae400cf0e5093e5d381abccde","contentHash":"22a35d5572b7b206e6fb6401a3d04e46b77f364524de860344fc606e254a7094"},"C:\\Users\\HP\\Desktop\\wayfarer\\src\\routes\\buses.js":{"path":"C:\\Users\\HP\\Desktop\\wayfarer\\src\\routes\\buses.js","statementMap":{"0":{"start":{"line":3,"column":0},"end":{"line":5,"column":3}},"1":{"start":{"line":6,"column":0},"end":{"line":6,"column":31}},"2":{"start":{"line":8,"column":16},"end":{"line":8,"column":49}},"3":{"start":{"line":10,"column":19},"end":{"line":10,"column":79}},"4":{"start":{"line":12,"column":13},"end":{"line":12,"column":67}},"5":{"start":{"line":14,"column":13},"end":{"line":14,"column":68}},"6":{"start":{"line":16,"column":39},"end":{"line":16,"column":95}},"7":{"start":{"line":19,"column":2},"end":{"line":19,"column":155}}},"fnMap":{"0":{"name":"_interopRequireDefault","decl":{"start":{"line":16,"column":9},"end":{"line":16,"column":31}},"loc":{"start":{"line":16,"column":37},"end":{"line":16,"column":97}},"line":16},"1":{"name":"busRoutes","decl":{"start":{"line":18,"column":9},"end":{"line":18,"column":18}},"loc":{"start":{"line":18,"column":24},"end":{"line":20,"column":1}},"line":18}},"branchMap":{"0":{"loc":{"start":{"line":16,"column":46},"end":{"line":16,"column":94}},"type":"cond-expr","locations":[{"start":{"line":16,"column":70},"end":{"line":16,"column":73}},{"start":{"line":16,"column":76},"end":{"line":16,"column":94}}],"line":16},"1":{"loc":{"start":{"line":16,"column":46},"end":{"line":16,"column":67}},"type":"binary-expr","locations":[{"start":{"line":16,"column":46},"end":{"line":16,"column":49}},{"start":{"line":16,"column":53},"end":{"line":16,"column":67}}],"line":16}},"s":{"0":1,"1":1,"2":1,"3":1,"4":1,"5":1,"6":3,"7":1},"f":{"0":3,"1":1},"b":{"0":[3,0],"1":[3,3]},"_coverageSchema":"43e27e138ebf9cfc5966b082cf9a028302ed4184","hash":"2bdbe11686c4773ec183749103222be954203aa4","contentHash":"5e4dbdeabb8eade5e45656d6ece2a46ef6d6febe944946dff0a0feb2f46f7ec8"},"C:\\Users\\HP\\Desktop\\wayfarer\\src\\middleware\\verifyToken.js":{"path":"C:\\Users\\HP\\Desktop\\wayfarer\\src\\middleware\\verifyToken.js","statementMap":{"0":{"start":{"line":3,"column":0},"end":{"line":5,"column":3}},"1":{"start":{"line":6,"column":0},"end":{"line":6,"column":33}},"2":{"start":{"line":8,"column":20},"end":{"line":8,"column":67}},"3":{"start":{"line":10,"column":12},"end":{"line":10,"column":61}},"4":{"start":{"line":12,"column":39},"end":{"line":12,"column":95}},"5":{"start":{"line":14,"column":77},"end":{"line":14,"column":175}},"6":{"start":{"line":14,"column":94},"end":{"line":14,"column":107}},"7":{"start":{"line":14,"column":121},"end":{"line":14,"column":131}},"8":{"start":{"line":14,"column":151},"end":{"line":14,"column":165}},"9":{"start":{"line":14,"column":166},"end":{"line":14,"column":173}},"10":{"start":{"line":14,"column":176},"end":{"line":14,"column":263}},"11":{"start":{"line":14,"column":193},"end":{"line":14,"column":208}},"12":{"start":{"line":14,"column":218},"end":{"line":14,"column":261}},"13":{"start":{"line":16,"column":33},"end":{"line":16,"column":387}},"14":{"start":{"line":16,"column":65},"end":{"line":16,"column":69}},"15":{"start":{"line":16,"column":78},"end":{"line":16,"column":87}},"16":{"start":{"line":16,"column":89},"end":{"line":16,"column":384}},"17":{"start":{"line":16,"column":147},"end":{"line":16,"column":167}},"18":{"start":{"line":16,"column":193},"end":{"line":16,"column":264}},"19":{"start":{"line":16,"column":290},"end":{"line":16,"column":360}},"20":{"start":{"line":16,"column":363},"end":{"line":16,"column":380}},"21":{"start":{"line":18,"column":0},"end":{"line":18,"column":27}},"22":{"start":{"line":28,"column":2},"end":{"line":28,"column":45}},"23":{"start":{"line":32,"column":2},"end":{"line":112,"column":6}},"24":{"start":{"line":37,"column":4},"end":{"line":111,"column":33}},"25":{"start":{"line":38,"column":6},"end":{"line":110,"column":7}},"26":{"start":{"line":39,"column":8},"end":{"line":109,"column":9}},"27":{"start":{"line":41,"column":12},"end":{"line":41,"column":47}},"28":{"start":{"line":43,"column":12},"end":{"line":46,"column":13}},"29":{"start":{"line":44,"column":14},"end":{"line":44,"column":32}},"30":{"start":{"line":45,"column":14},"end":{"line":45,"column":20}},"31":{"start":{"line":48,"column":12},"end":{"line":53,"column":16}},"32":{"start":{"line":56,"column":12},"end":{"line":56,"column":30}},"33":{"start":{"line":57,"column":12},"end":{"line":57,"column":30}},"34":{"start":{"line":58,"column":12},"end":{"line":58,"column":87}},"35":{"start":{"line":61,"column":12},"end":{"line":61,"column":36}},"36":{"start":{"line":62,"column":12},"end":{"line":62,"column":30}},"37":{"start":{"line":63,"column":12},"end":{"line":63,"column":61}},"38":{"start":{"line":66,"column":12},"end":{"line":66,"column":33}},"39":{"start":{"line":67,"column":12},"end":{"line":67,"column":29}},"40":{"start":{"line":69,"column":12},"end":{"line":72,"column":13}},"41":{"start":{"line":70,"column":14},"end":{"line":70,"column":33}},"42":{"start":{"line":71,"column":14},"end":{"line":71,"column":20}},"43":{"start":{"line":74,"column":12},"end":{"line":79,"column":16}},"44":{"start":{"line":82,"column":12},"end":{"line":85,"column":14}},"45":{"start":{"line":86,"column":12},"end":{"line":86,"column":19}},"46":{"start":{"line":87,"column":12},"end":{"line":87,"column":31}},"47":{"start":{"line":88,"column":12},"end":{"line":88,"column":18}},"48":{"start":{"line":91,"column":12},"end":{"line":91,"column":31}},"49":{"start":{"line":92,"column":12},"end":{"line":92,"column":47}},"50":{"start":{"line":94,"column":12},"end":{"line":97,"column":13}},"51":{"start":{"line":95,"column":14},"end":{"line":95,"column":33}},"52":{"start":{"line":96,"column":14},"end":{"line":96,"column":20}},"53":{"start":{"line":99,"column":12},"end":{"line":104,"column":16}},"54":{"start":{"line":108,"column":12},"end":{"line":108,"column":35}},"55":{"start":{"line":113,"column":2},"end":{"line":113,"column":45}}},"fnMap":{"0":{"name":"_interopRequireDefault","decl":{"start":{"line":12,"column":9},"end":{"line":12,"column":31}},"loc":{"start":{"line":12,"column":37},"end":{"line":12,"column":97}},"line":12},"1":{"name":"asyncGeneratorStep","decl":{"start":{"line":14,"column":9},"end":{"line":14,"column":27}},"loc":{"start":{"line":14,"column":75},"end":{"line":14,"column":265}},"line":14},"2":{"name":"_asyncToGenerator","decl":{"start":{"line":16,"column":9},"end":{"line":16,"column":26}},"loc":{"start":{"line":16,"column":31},"end":{"line":16,"column":389}},"line":16},"3":{"name":"(anonymous_3)","decl":{"start":{"line":16,"column":40},"end":{"line":16,"column":41}},"loc":{"start":{"line":16,"column":52},"end":{"line":16,"column":386}},"line":16},"4":{"name":"(anonymous_4)","decl":{"start":{"line":16,"column":108},"end":{"line":16,"column":109}},"loc":{"start":{"line":16,"column":135},"end":{"line":16,"column":382}},"line":16},"5":{"name":"_next","decl":{"start":{"line":16,"column":178},"end":{"line":16,"column":183}},"loc":{"start":{"line":16,"column":191},"end":{"line":16,"column":266}},"line":16},"6":{"name":"_throw","decl":{"start":{"line":16,"column":276},"end":{"line":16,"column":282}},"loc":{"start":{"line":16,"column":288},"end":{"line":16,"column":362}},"line":16},"7":{"name":"verifyToken","decl":{"start":{"line":27,"column":9},"end":{"line":27,"column":20}},"loc":{"start":{"line":27,"column":35},"end":{"line":29,"column":1}},"line":27},"8":{"name":"_verifyToken","decl":{"start":{"line":31,"column":9},"end":{"line":31,"column":21}},"loc":{"start":{"line":31,"column":24},"end":{"line":114,"column":1}},"line":31},"9":{"name":"_callee","decl":{"start":{"line":34,"column":35},"end":{"line":34,"column":42}},"loc":{"start":{"line":34,"column":59},"end":{"line":112,"column":3}},"line":34},"10":{"name":"_callee$","decl":{"start":{"line":37,"column":44},"end":{"line":37,"column":52}},"loc":{"start":{"line":37,"column":63},"end":{"line":111,"column":5}},"line":37}},"branchMap":{"0":{"loc":{"start":{"line":12,"column":46},"end":{"line":12,"column":94}},"type":"cond-expr","locations":[{"start":{"line":12,"column":70},"end":{"line":12,"column":73}},{"start":{"line":12,"column":76},"end":{"line":12,"column":94}}],"line":12},"1":{"loc":{"start":{"line":12,"column":46},"end":{"line":12,"column":67}},"type":"binary-expr","locations":[{"start":{"line":12,"column":46},"end":{"line":12,"column":49}},{"start":{"line":12,"column":53},"end":{"line":12,"column":67}}],"line":12},"2":{"loc":{"start":{"line":14,"column":176},"end":{"line":14,"column":263}},"type":"if","locations":[{"start":{"line":14,"column":176},"end":{"line":14,"column":263}},{"start":{"line":14,"column":176},"end":{"line":14,"column":263}}],"line":14},"3":{"loc":{"start":{"line":39,"column":8},"end":{"line":109,"column":9}},"type":"switch","locations":[{"start":{"line":40,"column":10},"end":{"line":53,"column":16}},{"start":{"line":55,"column":10},"end":{"line":58,"column":87}},{"start":{"line":60,"column":10},"end":{"line":63,"column":61}},{"start":{"line":65,"column":10},"end":{"line":79,"column":16}},{"start":{"line":81,"column":10},"end":{"line":88,"column":18}},{"start":{"line":90,"column":10},"end":{"line":104,"column":16}},{"start":{"line":106,"column":10},"end":{"line":106,"column":18}},{"start":{"line":107,"column":10},"end":{"line":108,"column":35}}],"line":39},"4":{"loc":{"start":{"line":43,"column":12},"end":{"line":46,"column":13}},"type":"if","locations":[{"start":{"line":43,"column":12},"end":{"line":46,"column":13}},{"start":{"line":43,"column":12},"end":{"line":46,"column":13}}],"line":43},"5":{"loc":{"start":{"line":69,"column":12},"end":{"line":72,"column":13}},"type":"if","locations":[{"start":{"line":69,"column":12},"end":{"line":72,"column":13}},{"start":{"line":69,"column":12},"end":{"line":72,"column":13}}],"line":69},"6":{"loc":{"start":{"line":94,"column":12},"end":{"line":97,"column":13}},"type":"if","locations":[{"start":{"line":94,"column":12},"end":{"line":97,"column":13}},{"start":{"line":94,"column":12},"end":{"line":97,"column":13}}],"line":94}},"s":{"0":1,"1":1,"2":1,"3":1,"4":2,"5":27,"6":27,"7":27,"8":0,"9":0,"10":27,"11":9,"12":18,"13":1,"14":9,"15":9,"16":9,"17":9,"18":27,"19":0,"20":9,"21":1,"22":9,"23":1,"24":9,"25":27,"26":54,"27":9,"28":9,"29":9,"30":9,"31":0,"32":9,"33":9,"34":9,"35":9,"36":9,"37":9,"38":9,"39":9,"40":9,"41":9,"42":9,"43":0,"44":9,"45":9,"46":9,"47":9,"48":0,"49":0,"50":0,"51":0,"52":0,"53":0,"54":9,"55":1},"f":{"0":2,"1":27,"2":1,"3":9,"4":9,"5":27,"6":0,"7":9,"8":1,"9":9,"10":27},"b":{"0":[1,1],"1":[2,2],"2":[9,18],"3":[9,9,9,9,9,0,9,9],"4":[9,0],"5":[9,0],"6":[0,0]},"_coverageSchema":"43e27e138ebf9cfc5966b082cf9a028302ed4184","hash":"137934925f3230c64ad39972f1c633c1a4436cfd","contentHash":"4341f2883b16c8a204503a63bb8380f758eab3e5bed03d0318bf61fbb3a4f9e3"},"C:\\Users\\HP\\Desktop\\wayfarer\\src\\middleware\\admin.js":{"path":"C:\\Users\\HP\\Desktop\\wayfarer\\src\\middleware\\admin.js","statementMap":{"0":{"start":{"line":3,"column":0},"end":{"line":5,"column":3}},"1":{"start":{"line":6,"column":0},"end":{"line":6,"column":30}},"2":{"start":{"line":15,"column":14},"end":{"line":15,"column":31}},"3":{"start":{"line":16,"column":2},"end":{"line":21,"column":5}},"4":{"start":{"line":16,"column":14},"end":{"line":21,"column":5}},"5":{"start":{"line":22,"column":2},"end":{"line":22,"column":9}}},"fnMap":{"0":{"name":"_default","decl":{"start":{"line":14,"column":9},"end":{"line":14,"column":17}},"loc":{"start":{"line":14,"column":34},"end":{"line":23,"column":1}},"line":14}},"branchMap":{"0":{"loc":{"start":{"line":16,"column":2},"end":{"line":21,"column":5}},"type":"if","locations":[{"start":{"line":16,"column":2},"end":{"line":21,"column":5}},{"start":{"line":16,"column":2},"end":{"line":21,"column":5}}],"line":16}},"s":{"0":1,"1":1,"2":6,"3":6,"4":3,"5":3},"f":{"0":6},"b":{"0":[3,3]},"_coverageSchema":"43e27e138ebf9cfc5966b082cf9a028302ed4184","hash":"2e3db8cfd5f4eef29ae48c567153d49b06114989","contentHash":"cb959f0ae97c39cebc7e47b94ffae3ee2b270def5797d3926efb7a482cc63df2"},"C:\\Users\\HP\\Desktop\\wayfarer\\src\\controllers\\buses.js":{"path":"C:\\Users\\HP\\Desktop\\wayfarer\\src\\controllers\\buses.js","statementMap":{"0":{"start":{"line":3,"column":0},"end":{"line":5,"column":3}},"1":{"start":{"line":6,"column":0},"end":{"line":6,"column":28}},"2":{"start":{"line":8,"column":11},"end":{"line":8,"column":59}},"3":{"start":{"line":10,"column":39},"end":{"line":10,"column":95}},"4":{"start":{"line":12,"column":77},"end":{"line":12,"column":175}},"5":{"start":{"line":12,"column":94},"end":{"line":12,"column":107}},"6":{"start":{"line":12,"column":121},"end":{"line":12,"column":131}},"7":{"start":{"line":12,"column":151},"end":{"line":12,"column":165}},"8":{"start":{"line":12,"column":166},"end":{"line":12,"column":173}},"9":{"start":{"line":12,"column":176},"end":{"line":12,"column":263}},"10":{"start":{"line":12,"column":193},"end":{"line":12,"column":208}},"11":{"start":{"line":12,"column":218},"end":{"line":12,"column":261}},"12":{"start":{"line":14,"column":33},"end":{"line":14,"column":387}},"13":{"start":{"line":14,"column":65},"end":{"line":14,"column":69}},"14":{"start":{"line":14,"column":78},"end":{"line":14,"column":87}},"15":{"start":{"line":14,"column":89},"end":{"line":14,"column":384}},"16":{"start":{"line":14,"column":147},"end":{"line":14,"column":167}},"17":{"start":{"line":14,"column":193},"end":{"line":14,"column":264}},"18":{"start":{"line":14,"column":290},"end":{"line":14,"column":360}},"19":{"start":{"line":14,"column":363},"end":{"line":14,"column":380}},"20":{"start":{"line":16,"column":10},"end":{"line":78,"column":1}},"21":{"start":{"line":23,"column":19},"end":{"line":70,"column":7}},"22":{"start":{"line":28,"column":6},"end":{"line":69,"column":35}},"23":{"start":{"line":29,"column":8},"end":{"line":68,"column":9}},"24":{"start":{"line":30,"column":10},"end":{"line":67,"column":11}},"25":{"start":{"line":32,"column":14},"end":{"line":32,"column":218}},"26":{"start":{"line":33,"column":14},"end":{"line":33,"column":32}},"27":{"start":{"line":34,"column":14},"end":{"line":34,"column":91}},"28":{"start":{"line":35,"column":14},"end":{"line":35,"column":32}},"29":{"start":{"line":36,"column":14},"end":{"line":36,"column":58}},"30":{"start":{"line":39,"column":14},"end":{"line":39,"column":35}},"31":{"start":{"line":40,"column":14},"end":{"line":40,"column":31}},"32":{"start":{"line":41,"column":14},"end":{"line":46,"column":18}},"33":{"start":{"line":49,"column":14},"end":{"line":49,"column":33}},"34":{"start":{"line":50,"column":14},"end":{"line":50,"column":49}},"35":{"start":{"line":52,"column":14},"end":{"line":55,"column":15}},"36":{"start":{"line":53,"column":16},"end":{"line":53,"column":35}},"37":{"start":{"line":54,"column":16},"end":{"line":54,"column":22}},"38":{"start":{"line":57,"column":14},"end":{"line":62,"column":18}},"39":{"start":{"line":66,"column":14},"end":{"line":66,"column":37}},"40":{"start":{"line":73,"column":6},"end":{"line":73,"column":45}},"41":{"start":{"line":76,"column":4},"end":{"line":76,"column":19}},"42":{"start":{"line":79,"column":15},"end":{"line":79,"column":18}},"43":{"start":{"line":80,"column":0},"end":{"line":80,"column":30}}},"fnMap":{"0":{"name":"_interopRequireDefault","decl":{"start":{"line":10,"column":9},"end":{"line":10,"column":31}},"loc":{"start":{"line":10,"column":37},"end":{"line":10,"column":97}},"line":10},"1":{"name":"asyncGeneratorStep","decl":{"start":{"line":12,"column":9},"end":{"line":12,"column":27}},"loc":{"start":{"line":12,"column":75},"end":{"line":12,"column":265}},"line":12},"2":{"name":"_asyncToGenerator","decl":{"start":{"line":14,"column":9},"end":{"line":14,"column":26}},"loc":{"start":{"line":14,"column":31},"end":{"line":14,"column":389}},"line":14},"3":{"name":"(anonymous_3)","decl":{"start":{"line":14,"column":40},"end":{"line":14,"column":41}},"loc":{"start":{"line":14,"column":52},"end":{"line":14,"column":386}},"line":14},"4":{"name":"(anonymous_4)","decl":{"start":{"line":14,"column":108},"end":{"line":14,"column":109}},"loc":{"start":{"line":14,"column":135},"end":{"line":14,"column":382}},"line":14},"5":{"name":"_next","decl":{"start":{"line":14,"column":178},"end":{"line":14,"column":183}},"loc":{"start":{"line":14,"column":191},"end":{"line":14,"column":266}},"line":14},"6":{"name":"_throw","decl":{"start":{"line":14,"column":276},"end":{"line":14,"column":282}},"loc":{"start":{"line":14,"column":288},"end":{"line":14,"column":362}},"line":14},"7":{"name":"(anonymous_7)","decl":{"start":{"line":22,"column":11},"end":{"line":22,"column":12}},"loc":{"start":{"line":22,"column":23},"end":{"line":77,"column":3}},"line":22},"8":{"name":"_callee","decl":{"start":{"line":25,"column":37},"end":{"line":25,"column":44}},"loc":{"start":{"line":25,"column":55},"end":{"line":70,"column":5}},"line":25},"9":{"name":"_callee$","decl":{"start":{"line":28,"column":46},"end":{"line":28,"column":54}},"loc":{"start":{"line":28,"column":65},"end":{"line":69,"column":7}},"line":28},"10":{"name":"postBus","decl":{"start":{"line":72,"column":13},"end":{"line":72,"column":20}},"loc":{"start":{"line":72,"column":30},"end":{"line":74,"column":5}},"line":72}},"branchMap":{"0":{"loc":{"start":{"line":10,"column":46},"end":{"line":10,"column":94}},"type":"cond-expr","locations":[{"start":{"line":10,"column":70},"end":{"line":10,"column":73}},{"start":{"line":10,"column":76},"end":{"line":10,"column":94}}],"line":10},"1":{"loc":{"start":{"line":10,"column":46},"end":{"line":10,"column":67}},"type":"binary-expr","locations":[{"start":{"line":10,"column":46},"end":{"line":10,"column":49}},{"start":{"line":10,"column":53},"end":{"line":10,"column":67}}],"line":10},"2":{"loc":{"start":{"line":12,"column":176},"end":{"line":12,"column":263}},"type":"if","locations":[{"start":{"line":12,"column":176},"end":{"line":12,"column":263}},{"start":{"line":12,"column":176},"end":{"line":12,"column":263}}],"line":12},"3":{"loc":{"start":{"line":30,"column":10},"end":{"line":67,"column":11}},"type":"switch","locations":[{"start":{"line":31,"column":12},"end":{"line":36,"column":58}},{"start":{"line":38,"column":12},"end":{"line":46,"column":18}},{"start":{"line":48,"column":12},"end":{"line":62,"column":18}},{"start":{"line":64,"column":12},"end":{"line":64,"column":20}},{"start":{"line":65,"column":12},"end":{"line":66,"column":37}}],"line":30},"4":{"loc":{"start":{"line":52,"column":14},"end":{"line":55,"column":15}},"type":"if","locations":[{"start":{"line":52,"column":14},"end":{"line":55,"column":15}},{"start":{"line":52,"column":14},"end":{"line":55,"column":15}}],"line":52}},"s":{"0":1,"1":1,"2":1,"3":1,"4":2,"5":2,"6":2,"7":0,"8":0,"9":2,"10":1,"11":1,"12":1,"13":1,"14":1,"15":1,"16":1,"17":2,"18":0,"19":1,"20":1,"21":1,"22":1,"23":3,"24":3,"25":1,"26":1,"27":1,"28":1,"29":1,"30":1,"31":1,"32":1,"33":0,"34":0,"35":0,"36":0,"37":0,"38":0,"39":1,"40":1,"41":1,"42":1,"43":1},"f":{"0":1,"1":2,"2":1,"3":1,"4":1,"5":2,"6":0,"7":1,"8":1,"9":3,"10":1},"b":{"0":[1,0],"1":[1,1],"2":[1,1],"3":[1,1,0,0,1],"4":[0,0]},"_coverageSchema":"43e27e138ebf9cfc5966b082cf9a028302ed4184","hash":"470381255d255e7e07b60040d9f5b35c61845b9e","contentHash":"0a9e5409b93804f30acef5eac8a1e3038d152c21da1cfa8aafc2358adad779ed"},"C:\\Users\\HP\\Desktop\\wayfarer\\src\\models\\bus.js":{"path":"C:\\Users\\HP\\Desktop\\wayfarer\\src\\models\\bus.js","statementMap":{"0":{"start":{"line":3,"column":0},"end":{"line":5,"column":3}},"1":{"start":{"line":6,"column":0},"end":{"line":6,"column":28}},"2":{"start":{"line":8,"column":10},"end":{"line":8,"column":59}},"3":{"start":{"line":10,"column":39},"end":{"line":10,"column":95}},"4":{"start":{"line":12,"column":15},"end":{"line":20,"column":1}},"5":{"start":{"line":18,"column":4},"end":{"line":18,"column":166}},"6":{"start":{"line":21,"column":15},"end":{"line":21,"column":23}},"7":{"start":{"line":22,"column":0},"end":{"line":22,"column":30}}},"fnMap":{"0":{"name":"_interopRequireDefault","decl":{"start":{"line":10,"column":9},"end":{"line":10,"column":31}},"loc":{"start":{"line":10,"column":37},"end":{"line":10,"column":97}},"line":10},"1":{"name":"createBus","decl":{"start":{"line":17,"column":22},"end":{"line":17,"column":31}},"loc":{"start":{"line":17,"column":42},"end":{"line":19,"column":3}},"line":17}},"branchMap":{"0":{"loc":{"start":{"line":10,"column":46},"end":{"line":10,"column":94}},"type":"cond-expr","locations":[{"start":{"line":10,"column":70},"end":{"line":10,"column":73}},{"start":{"line":10,"column":76},"end":{"line":10,"column":94}}],"line":10},"1":{"loc":{"start":{"line":10,"column":46},"end":{"line":10,"column":67}},"type":"binary-expr","locations":[{"start":{"line":10,"column":46},"end":{"line":10,"column":49}},{"start":{"line":10,"column":53},"end":{"line":10,"column":67}}],"line":10}},"s":{"0":1,"1":1,"2":1,"3":1,"4":1,"5":1,"6":1,"7":1},"f":{"0":1,"1":1},"b":{"0":[0,1],"1":[1,1]},"_coverageSchema":"43e27e138ebf9cfc5966b082cf9a028302ed4184","hash":"7e8129d1f66e923b4a436b22fe6a2616ce78ba3d","contentHash":"20306a0ce580730cd4c9c1fe69219c78d45fb0b57c130d85ff6c0ffe33027980"},"C:\\Users\\HP\\Desktop\\wayfarer\\src\\routes\\trips.js":{"path":"C:\\Users\\HP\\Desktop\\wayfarer\\src\\routes\\trips.js","statementMap":{"0":{"start":{"line":3,"column":0},"end":{"line":5,"column":3}},"1":{"start":{"line":6,"column":0},"end":{"line":6,"column":32}},"2":{"start":{"line":8,"column":16},"end":{"line":8,"column":49}},"3":{"start":{"line":10,"column":19},"end":{"line":10,"column":79}},"4":{"start":{"line":12,"column":13},"end":{"line":12,"column":67}},"5":{"start":{"line":14,"column":13},"end":{"line":14,"column":68}},"6":{"start":{"line":16,"column":39},"end":{"line":16,"column":95}},"7":{"start":{"line":19,"column":2},"end":{"line":19,"column":216}},"8":{"start":{"line":20,"column":2},"end":{"line":20,"column":177}}},"fnMap":{"0":{"name":"_interopRequireDefault","decl":{"start":{"line":16,"column":9},"end":{"line":16,"column":31}},"loc":{"start":{"line":16,"column":37},"end":{"line":16,"column":97}},"line":16},"1":{"name":"tripRoutes","decl":{"start":{"line":18,"column":9},"end":{"line":18,"column":19}},"loc":{"start":{"line":18,"column":25},"end":{"line":21,"column":1}},"line":18}},"branchMap":{"0":{"loc":{"start":{"line":16,"column":46},"end":{"line":16,"column":94}},"type":"cond-expr","locations":[{"start":{"line":16,"column":70},"end":{"line":16,"column":73}},{"start":{"line":16,"column":76},"end":{"line":16,"column":94}}],"line":16},"1":{"loc":{"start":{"line":16,"column":46},"end":{"line":16,"column":67}},"type":"binary-expr","locations":[{"start":{"line":16,"column":46},"end":{"line":16,"column":49}},{"start":{"line":16,"column":53},"end":{"line":16,"column":67}}],"line":16}},"s":{"0":1,"1":1,"2":1,"3":1,"4":1,"5":1,"6":3,"7":1,"8":1},"f":{"0":3,"1":1},"b":{"0":[3,0],"1":[3,3]},"_coverageSchema":"43e27e138ebf9cfc5966b082cf9a028302ed4184","hash":"8fc0810bb9d230b1cf9e43915ef32476c6f0ab69","contentHash":"232dab4e213bfb760cf59758e558ce5bfd4d92791247a66ec239a55aa55bf5ec"},"C:\\Users\\HP\\Desktop\\wayfarer\\src\\controllers\\trips.js":{"path":"C:\\Users\\HP\\Desktop\\wayfarer\\src\\controllers\\trips.js","statementMap":{"0":{"start":{"line":3,"column":0},"end":{"line":5,"column":3}},"1":{"start":{"line":6,"column":0},"end":{"line":6,"column":28}},"2":{"start":{"line":8,"column":12},"end":{"line":8,"column":61}},"3":{"start":{"line":10,"column":39},"end":{"line":10,"column":95}},"4":{"start":{"line":12,"column":77},"end":{"line":12,"column":175}},"5":{"start":{"line
[...]
umn":52},"end":{"line":14,"column":386}},"line":14},"4":{"name":"(anonymous_4)","decl":{"start":{"line":14,"column":108},"end":{"line":14,"column":109}},"loc":{"start":{"line":14,"column":135},"end":{"line":14,"column":382}},"line":14},"5":{"name":"_next","decl":{"start":{"line":14,"column":178},"end":{"line":14,"column":183}},"loc":{"start":{"line":14,"column":191},"end":{"line":14,"column":266}},"line":14},"6":{"name":"_throw","decl":{"start":{"line":14,"column":276},"end":{"line":14,"column":282}},"loc":{"start":{"line":14,"column":288},"end":{"line":14,"column":362}},"line":14},"7":{"name":"(anonymous_7)","decl":{"start":{"line":22,"column":15},"end":{"line":22,"column":16}},"loc":{"start":{"line":22,"column":27},"end":{"line":86,"column":3}},"line":22},"8":{"name":"_callee","decl":{"start":{"line":25,"column":37},"end":{"line":25,"column":44}},"loc":{"start":{"line":25,"column":55},"end":{"line":79,"column":5}},"line":25},"9":{"name":"_callee$","decl":{"start":{"line":28,"column":46},"end":{"line":28,"column":54}},"loc":{"start":{"line":28,"column":65},"end":{"line":78,"column":7}},"line":28},"10":{"name":"postBooking","decl":{"start":{"line":81,"column":13},"end":{"line":81,"column":24}},"loc":{"start":{"line":81,"column":34},"end":{"line":83,"column":5}},"line":81}},"branchMap":{"0":{"loc":{"start":{"line":10,"column":46},"end":{"line":10,"column":94}},"type":"cond-expr","locations":[{"start":{"line":10,"column":70},"end":{"line":10,"column":73}},{"start":{"line":10,"column":76},"end":{"line":10,"column":94}}],"line":10},"1":{"loc":{"start":{"line":10,"column":46},"end":{"line":10,"column":67}},"type":"binary-expr","locations":[{"start":{"line":10,"column":46},"end":{"line":10,"column":49}},{"start":{"line":10,"column":53},"end":{"line":10,"column":67}}],"line":10},"2":{"loc":{"start":{"line":12,"column":176},"end":{"line":12,"column":263}},"type":"if","locations":[{"start":{"line":12,"column":176},"end":{"line":12,"column":263}},{"start":{"line":12,"column":176},"end":{"line":12,"column":263}}],"line":12},"3":{"loc":{"start":{"line":30,"column":10},"end":{"line":76,"column":11}},"type":"switch","locations":[{"start":{"line":31,"column":12},"end":{"line":37,"column":70}},{"start":{"line":39,"column":12},"end":{"line":55,"column":18}},{"start":{"line":57,"column":12},"end":{"line":71,"column":18}},{"start":{"line":73,"column":12},"end":{"line":73,"column":20}},{"start":{"line":74,"column":12},"end":{"line":75,"column":37}}],"line":30},"4":{"loc":{"start":{"line":61,"column":14},"end":{"line":64,"column":15}},"type":"if","locations":[{"start":{"line":61,"column":14},"end":{"line":64,"column":15}},{"start":{"line":61,"column":14},"end":{"line":64,"column":15}}],"line":61}},"s":{"0":1,"1":1,"2":1,"3":1,"4":2,"5":2,"6":2,"7":0,"8":0,"9":2,"10":1,"11":1,"12":1,"13":1,"14":1,"15":1,"16":1,"17":2,"18":0,"19":1,"20":1,"21":1,"22":1,"23":3,"24":3,"25":1,"26":1,"27":1,"28":1,"29":1,"30":1,"31":1,"32":1,"33":1,"34":0,"35":0,"36":0,"37":0,"38":0,"39":0,"40":1,"41":1,"42":1,"43":1,"44":1},"f":{"0":1,"1":2,"2":1,"3":1,"4":1,"5":2,"6":0,"7":1,"8":1,"9":3,"10":1},"b":{"0":[1,0],"1":[1,1],"2":[1,1],"3":[1,1,0,0,1],"4":[0,0]},"_coverageSchema":"43e27e138ebf9cfc5966b082cf9a028302ed4184","hash":"414f2104f19acbec1a5ed56e02303e5fd3efd0d4","contentHash":"3adb507ce18efa141b18f707f348cb0a8ec3d9bf59645fd315c2d24a679b5ea8"},"C:\\Users\\HP\\Desktop\\wayfarer\\src\\models\\booking.js":{"path":"C:\\Users\\HP\\Desktop\\wayfarer\\src\\models\\booking.js","statementMap":{"0":{"start":{"line":3,"column":0},"end":{"line":5,"column":3}},"1":{"start":{"line":6,"column":0},"end":{"line":6,"column":28}},"2":{"start":{"line":8,"column":10},"end":{"line":8,"column":59}},"3":{"start":{"line":10,"column":39},"end":{"line":10,"column":95}},"4":{"start":{"line":12,"column":19},"end":{"line":20,"column":1}},"5":{"start":{"line":18,"column":4},"end":{"line":18,"column":246}},"6":{"start":{"line":21,"column":15},"end":{"line":21,"column":27}},"7":{"start":{"line":22,"column":0},"end":{"line":22,"column":30}}},"fnMap":{"0":{"name":"_interopRequireDefault","decl":{"start":{"line":10,"column":9},"end":{"line":10,"column":31}},"loc":{"start":{"line":10,"column":37},"end":{"line":10,"column":97}},"line":10},"1":{"name":"createBooking","decl":{"start":{"line":17,"column":26},"end":{"line":17,"column":39}},"loc":{"start":{"line":17,"column":54},"end":{"line":19,"column":3}},"line":17}},"branchMap":{"0":{"loc":{"start":{"line":10,"column":46},"end":{"line":10,"column":94}},"type":"cond-expr","locations":[{"start":{"line":10,"column":70},"end":{"line":10,"column":73}},{"start":{"line":10,"column":76},"end":{"line":10,"column":94}}],"line":10},"1":{"loc":{"start":{"line":10,"column":46},"end":{"line":10,"column":67}},"type":"binary-expr","locations":[{"start":{"line":10,"column":46},"end":{"line":10,"column":49}},{"start":{"line":10,"column":53},"end":{"line":10,"column":67}}],"line":10}},"s":{"0":1,"1":1,"2":1,"3":1,"4":1,"5":1,"6":1,"7":1},"f":{"0":1,"1":1},"b":{"0":[0,1],"1":[1,1]},"_coverageSchema":"43e27e138ebf9cfc5966b082cf9a028302ed4184","hash":"0b1f6c4fdf84887ad7de0ff3063d99e6a68e6b0c","contentHash":"00a08e7948a1659a5351a866eb7070b914f4d642b1e662e42d93d17fec953889"},"C:\\Users\\HP\\Desktop\\wayfarer\\src\\tests\\usersTest.js":{"path":"C:\\Users\\HP\\Desktop\\wayfarer\\src\\tests\\usersTest.js","statementMap":{"0":{"start":{"line":3,"column":12},"end":{"line":3,"column":52}},"1":{"start":{"line":5,"column":16},"end":{"line":5,"column":60}},"2":{"start":{"line":7,"column":13},"end":{"line":7,"column":56}},"3":{"start":{"line":9,"column":39},"end":{"line":9,"column":95}},"4":{"start":{"line":11,"column":40},"end":{"line":11,"column":473}},"5":{"start":{"line":11,"column":69},"end":{"line":11,"column":80}},"6":{"start":{"line":11,"column":103},"end":{"line":11,"column":105}},"7":{"start":{"line":11,"column":107},"end":{"line":11,"column":431}},"8":{"start":{"line":11,"column":126},"end":{"line":11,"column":429}},"9":{"start":{"line":11,"column":149},"end":{"line":11,"column":427}},"10":{"start":{"line":11,"column":214},"end":{"line":11,"column":319}},"11":{"start":{"line":11,"column":321},"end":{"line":11,"column":425}},"12":{"start":{"line":11,"column":349},"end":{"line":11,"column":390}},"13":{"start":{"line":11,"column":400},"end":{"line":11,"column":423}},"14":{"start":{"line":11,"column":432},"end":{"line":11,"column":456}},"15":{"start":{"line":11,"column":457},"end":{"line":11,"column":471}},"16":{"start":{"line":13,"column":0},"end":{"line":13,"column":43}},"17":{"start":{"line":15,"column":11},"end":{"line":20,"column":1}},"18":{"start":{"line":21,"column":12},"end":{"line":26,"column":1}},"19":{"start":{"line":27,"column":12},"end":{"line":30,"column":1}},"20":{"start":{"line":31,"column":11},"end":{"line":36,"column":1}},"21":{"start":{"line":37,"column":10},"end":{"line":43,"column":1}},"22":{"start":{"line":44,"column":14},"end":{"line":53,"column":1}},"23":{"start":{"line":55,"column":0},"end":{"line":79,"column":3}},"24":{"start":{"line":56,"column":2},"end":{"line":62,"column":5}},"25":{"start":{"line":57,"column":4},"end":{"line":61,"column":7}},"26":{"start":{"line":58,"column":6},"end":{"line":58,"column":42}},"27":{"start":{"line":60,"column":6},"end":{"line":60,"column":13}},"28":{"start":{"line":63,"column":2},"end":{"line":69,"column":5}},"29":{"start":{"line":64,"column":4},"end":{"line":68,"column":7}},"30":{"start":{"line":65,"column":6},"end":{"line":65,"column":58}},"31":{"start":{"line":67,"column":6},"end":{"line":67,"column":13}},"32":{"start":{"line":70,"column":2},"end":{"line":78,"column":5}},"33":{"start":{"line":71,"column":4},"end":{"line":71,"column":20}},"34":{"start":{"line":73,"column":4},"end":{"line":77,"column":7}},"35":{"start":{"line":74,"column":6},"end":{"line":74,"column":42}},"36":{"start":{"line":76,"column":6},"end":{"line":76,"column":13}},"37":{"start":{"line":80,"column":0},"end":{"line":104,"column":3}},"38":{"start":{"line":81,"column":2},"end":{"line":92,"column":5}},"39":{"start":{"line":82,"column":4},"end":{"line":91,"column":7}},"40":{"start":{"line":86,"column":6},"end":{"line":86,"column":42}},"41":{"start":{"line":88,"column":6},"end":{"line":88,"column":73}},"42":{"start":{"line":90,"column":6},"end":{"line":90,"column":13}},"43":{"start":{"line":93,"column":2},"end":{"line":103,"column":5}},"44":{"start":{"line":94,"column":4},"end":{"line":102,"column":7}},"45":{"start":{"line":95,"column":6},"end":{"line":95,"column":34}},"46":{"start":{"line":97,"column":6},"end":{"line":97,"column":42}},"47":{"start":{"line":99,"column":6},"end":{"line":99,"column":51}},"48":{"start":{"line":101,"column":6},"end":{"line":101,"column":13}},"49":{"start":{"line":105,"column":0},"end":{"line":115,"column":3}},"50":{"start":{"line":106,"column":2},"end":{"line":114,"column":5}},"51":{"start":{"line":107,"column":4},"end":{"line":113,"column":7}},"52":{"start":{"line":108,"column":6},"end":{"line":108,"column":42}},"53":{"start":{"line":110,"column":6},"end":{"line":110,"column":46}},"54":{"start":{"line":112,"column":6},"end":{"line":112,"column":13}},"55":{"start":{"line":116,"column":0},"end":{"line":128,"column":3}},"56":{"start":{"line":117,"column":2},"end":{"line":127,"column":5}},"57":{"start":{"line":118,"column":4},"end":{"line":126,"column":7}},"58":{"start":{"line":119,"column":6},"end":{"line":119,"column":42}},"59":{"start":{"line":121,"column":6},"end":{"line":121,"column":46}},"60":{"start":{"line":123,"column":6},"end":{"line":123,"column":87}},"61":{"start":{"line":125,"column":6},"end":{"line":125,"column":13}},"62":{"start":{"line":129,"column":0},"end":{"line":141,"column":3}},"63":{"start":{"line":130,"column":2},"end":{"line":140,"column":5}},"64":{"start":{"line":131,"column":4},"end":{"line":139,"column":7}},"65":{"start":{"line":132,"column":6},"end":{"line":132,"column":42}},"66":{"start":{"line":134,"column":6},"end":{"line":134,"column":46}},"67":{"start":{"line":136,"column":6},"end":{"line":136,"column":87}},"68":{"start":{"line":138,"column":6},"end":{"line":138,"column":13}},"69":{"start":{"line":142,"column":0},"end":{"line":156,"column":3}},"70":{"start":{"line":143,"column":2},"end":{"line":155,"column":5}},"71":{"start":{"line":144,"column":4},"end":{"line":154,"column":7}},"72":{"start":{"line":147,"column":6},"end":{"line":147,"column":42}},"73":{"start":{"line":149,"column":6},"end":{"line":149,"column":46}},"74":{"start":{"line":151,"column":6},"end":{"line":151,"column":87}},"75":{"start":{"line":153,"column":6},"end":{"line":153,"column":13}},"76":{"start":{"line":157,"column":0},"end":{"line":169,"column":3}},"77":{"start":{"line":158,"column":2},"end":{"line":168,"column":5}},"78":{"start":{"line":159,"column":4},"end":{"line":167,"column":7}},"79":{"start":{"line":160,"column":6},"end":{"line":160,"column":42}},"80":{"start":{"line":162,"column":6},"end":{"line":162,"column":46}},"81":{"start":{"line":164,"column":6},"end":{"line":164,"column":65}},"82":{"start":{"line":166,"column":6},"end":{"line":166,"column":13}}},"fnMap":{"0":{"name":"_interopRequireDefault","decl":{"start":{"line":9,"column":9},"end":{"line":9,"column":31}},"loc":{"start":{"line":9,"column":37},"end":{"line":9,"column":97}},"line":9},"1":{"name":"_interopRequireWildcard","decl":{"start":{"line":11,"column":9},"end":{"line":11,"column":32}},"loc":{"start":{"line":11,"column":38},"end":{"line":11,"column":475}},"line":11},"2":{"name":"(anonymous_2)","decl":{"start":{"line":55,"column":36},"end":{"line":55,"column":37}},"loc":{"start":{"line":55,"column":48},"end":{"line":79,"column":1}},"line":55},"3":{"name":"(anonymous_3)","decl":{"start":{"line":56,"column":33},"end":{"line":56,"column":34}},"loc":{"start":{"line":56,"column":49},"end":{"line":62,"column":3}},"line":56},"4":{"name":"(anonymous_4)","decl":{"start":{"line":57,"column":91},"end":{"line":57,"column":92}},"loc":{"start":{"line":57,"column":111},"end":{"line":61,"column":5}},"line":57},"5":{"name":"(anonymous_5)","decl":{"start":{"line":63,"column":40},"end":{"line":63,"column":41}},"loc":{"start":{"line":63,"column":56},"end":{"line":69,"column":3}},"line":63},"6":{"name":"(anonymous_6)","decl":{"start":{"line":64,"column":92},"end":{"line":64,"column":93}},"loc":{"start":{"line":64,"column":112},"end":{"line":68,"column":5}},"line":64},"7":{"name":"(anonymous_7)","decl":{"start":{"line":70,"column":71},"end":{"line":70,"column":72}},"loc":{"start":{"line":70,"column":87},"end":{"line":78,"column":3}},"line":70},"8":{"name":"(anonymous_8)","decl":{"start":{"line":73,"column":91},"end":{"line":73,"column":92}},"loc":{"start":{"line":73,"column":111},"end":{"line":77,"column":5}},"line":73},"9":{"name":"(anonymous_9)","decl":{"start":{"line":80,"column":30},"end":{"line":80,"column":31}},"loc":{"start":{"line":80,"column":42},"end":{"line":104,"column":1}},"line":80},"10":{"name":"(anonymous_10)","decl":{"start":{"line":81,"column":60},"end":{"line":81,"column":61}},"loc":{"start":{"line":81,"column":76},"end":{"line":92,"column":3}},"line":81},"11":{"name":"(anonymous_11)","decl":{"start":{"line":85,"column":11},"end":{"line":85,"column":12}},"loc":{"start":{"line":85,"column":31},"end":{"line":91,"column":5}},"line":85},"12":{"name":"(anonymous_12)","decl":{"start":{"line":93,"column":28},"end":{"line":93,"column":29}},"loc":{"start":{"line":93,"column":44},"end":{"line":103,"column":3}},"line":93},"13":{"name":"(anonymous_13)","decl":{"start":{"line":94,"column":92},"end":{"line":94,"column":93}},"loc":{"start":{"line":94,"column":112},"end":{"line":102,"column":5}},"line":94},"14":{"name":"(anonymous_14)","decl":{"start":{"line":105,"column":23},"end":{"line":105,"column":24}},"loc":{"start":{"line":105,"column":35},"end":{"line":115,"column":1}},"line":105},"15":{"name":"(anonymous_15)","decl":{"start":{"line":106,"column":53},"end":{"line":106,"column":54}},"loc":{"start":{"line":106,"column":69},"end":{"line":114,"column":3}},"line":106},"16":{"name":"(anonymous_16)","decl":{"start":{"line":107,"column":100},"end":{"line":107,"column":101}},"loc":{"start":{"line":107,"column":120},"end":{"line":113,"column":5}},"line":107},"17":{"name":"(anonymous_17)","decl":{"start":{"line":116,"column":33},"end":{"line":116,"column":34}},"loc":{"start":{"line":116,"column":45},"end":{"line":128,"column":1}},"line":116},"18":{"name":"(anonymous_18)","decl":{"start":{"line":117,"column":73},"end":{"line":117,"column":74}},"loc":{"start":{"line":117,"column":89},"end":{"line":127,"column":3}},"line":117},"19":{"name":"(anonymous_19)","decl":{"start":{"line":118,"column":111},"end":{"line":118,"column":112}},"loc":{"start":{"line":118,"column":131},"end":{"line":126,"column":5}},"line":118},"20":{"name":"(anonymous_20)","decl":{"start":{"line":129,"column":33},"end":{"line":129,"column":34}},"loc":{"start":{"line":129,"column":45},"end":{"line":141,"column":1}},"line":129},"21":{"name":"(anonymous_21)","decl":{"start":{"line":130,"column":76},"end":{"line":130,"column":77}},"loc":{"start":{"line":130,"column":92},"end":{"line":140,"column":3}},"line":130},"22":{"name":"(anonymous_22)","decl":{"start":{"line":131,"column":112},"end":{"line":131,"column":113}},"loc":{"start":{"line":131,"column":132},"end":{"line":139,"column":5}},"line":131},"23":{"name":"(anonymous_23)","decl":{"start":{"line":142,"column":34},"end":{"line":142,"column":35}},"loc":{"start":{"line":142,"column":46},"end":{"line":156,"column":1}},"line":142},"24":{"name":"(anonymous_24)","decl":{"start":{"line":143,"column":76},"end":{"line":143,"column":77}},"loc":{"start":{"line":143,"column":92},"end":{"line":155,"column":3}},"line":143},"25":{"name":"(anonymous_25)","decl":{"start":{"line":146,"column":11},"end":{"line":146,"column":12}},"loc":{"start":{"line":146,"column":31},"end":{"line":154,"column":5}},"line":146},"26":{"name":"(anonymous_26)","decl":{"start":{"line":157,"column":36},"end":{"line":157,"column":37}},"loc":{"start":{"line":157,"column":48},"end":{"line":169,"column":1}},"line":157},"27":{"name":"(anonymous_27)","decl":{"start":{"line":158,"column":54},"end":{"line":158,"column":55}},"loc":{"start":{"line":158,"column":70},"end":{"line":168,"column":3}},"line":158},"28":{"name":"(anonymous_28)","decl":{"start":{"line":159,"column":118},"end":{"line":159,"column":119}},"loc":{"start":{"line":159,"column":138},"end":{"line":167,"column":5}},"line":159}},"branchMap":{"0":{"loc":{"start":{"line":9,"column":46},"end":{"line":9,"column":94}},"type":"cond-expr","locations":[{"start":{"line":9,"column":70},"end":{"line":9,"column":73}},{"start":{"line":9,"column":76},"end":{"line":9,"column":94}}],"line":9},"1":{"loc":{"start":{"line":9,"column":46},"end":{"line":9,"column":67}},"type":"binary-expr","locations":[{"start":{"line":9,"column":46},"end":{"line":9,"column":49}},{"start":{"line":9,"column":53},"end":{"line":9,"column":67}}],"line":9},"2":{"loc":{"start":{"line":11,"column":40},"end":{"line":11,"column":473}},"type":"if","locations":[{"start":{"line":11,"column":40},"end":{"line":11,"column":473}},{"start":{"line":11,"column":40},"end":{"line":11,"column":473}}],"line":11},"3":{"loc":{"start":{"line":11,"column":44},"end":{"line":11,"column":65}},"type":"binary-expr","locations":[{"start":{"line":11,"column":44},"end":{"line":11,"column":47}},{"start":{"line":11,"column":51},"end":{"line":11,"column":65}}],"line":11},"4":{"loc":{"start":{"line":11,"column":107},"end":{"line":11,"column":431}},"type":"if","locations":[{"start":{"line":11,"column":107},"end":{"line":11,"column":431}},{"start":{"line":11,"column":107},"end":{"line":11,"column":431}}],"line":11},"5":{"loc":{"start":{"line":11,"column":149},"end":{"line":11,"column":427}},"type":"if","locations":[{"start":{"line":11,"column":149},"end":{"line":11,"column":427}},{"start":{"line":11,"column":149},"end":{"line":11,"column":427}}],"line":11},"6":{"loc":{"start":{"line":11,"column":214},"end":{"line":11,"column":319}},"type":"cond-expr","locations":[{"start":{"line":11,"column":273},"end":{"line":11,"column":314}},{"start":{"line":11,"column":317},"end":{"line":11,"column":319}}],"line":11},"7":{"loc":{"start":{"line":11,"column":214},"end":{"line":11,"column":270}},"type":"binary-expr","locations":[{"start":{"line":11,"column":214},"end":{"line":11,"column":235}},{"start":{"line":11,"column":239},"end":{"line":11,"column":270}}],"line":11},"8":{"loc":{"start":{"line":11,"column":321},"end":{"line":11,"column":425}},"type":"if","locations":[{"start":{"line":11,"column":321},"end":{"line":11,"column":425}},{"start":{"line":11,"column":321},"end":{"line":11,"column":425}}],"line":11},"9":{"loc":{"start":{"line":11,"column":325},"end":{"line":11,"column":345}},"type":"binary-expr","locations":[{"start":{"line":11,"column":325},"end":{"line":11,"column":333}},{"start":{"line":11,"column":337},"end":{"line":11,"column":345}}],"line":11}},"s":{"0":1,"1":1,"2":1,"3":2,"4":1,"5":0,"6":1,"7":1,"8":1,"9":11,"10":11,"11":11,"12":0,"13":11,"14":1,"15":1,"16":1,"17":1,"18":1,"19":1,"20":1,"21":1,"22":1,"23":1,"24":1,"25":1,"26":1,"27":1,"28":1,"29":1,"30":1,"31":1,"32":1,"33":1,"34":1,"35":1,"36":1,"37":1,"38":1,"39":1,"40":1,"41":1,"42":1,"43":1,"44":1,"45":1,"46":1,"47":1,"48":1,"49":1,"50":1,"51":1,"52":1,"53":1,"54":1,"55":1,"56":1,"57":1,"58":1,"59":1,"60":1,"61":1,"62":1,"63":1,"64":1,"65":1,"66":1,"67":1,"68":1,"69":1,"70":1,"71":1,"72":1,"73":1,"74":1,"75":1,"76":1,"77":1,"78":1,"79":1,"80":1,"81":1,"82":1},"f":{"0":2,"1":1,"2":1,"3":1,"4":1,"5":1,"6":1,"7":1,"8":1,"9":1,"10":1,"11":1,"12":1,"13":1,"14":1,"15":1,"16":1,"17":1,"18":1,"19":1,"20":1,"21":1,"22":1,"23":1,"24":1,"25":1,"26":1,"27":1,"28":1},"b":{"0":[1,1],"1":[2,2],"2":[0,1],"3":[1,1],"4":[1,0],"5":[11,0],"6":[11,0],"7":[11,11],"8":[0,11],"9":[11,11]},"_coverageSchema":"43e27e138ebf9cfc5966b082cf9a028302ed4184","hash":"2921a3448ad7f0385c7bf6614660406f8c72c5b1","contentHash":"2720cc5c337e7b389f1db3201170b2e7e5767c5a49b24ee6aed6d9f2f0e5a6c1"}}