TN:
SF:C:\Users\HP\Desktop\wayfarer\src/index.js
FN:22,(anonymous_1)
FNF:1
FNH:1
FNDA:1,(anonymous_1)
DA:1,1
DA:2,1
DA:4,1
DA:5,1
DA:6,1
DA:7,1
DA:8,1
DA:10,1
DA:11,1
DA:12,1
DA:14,1
DA:15,1
DA:16,1
DA:17,1
DA:18,1
DA:20,1
DA:22,1
DA:23,1
DA:26,1
LF:19
LH:19
BRDA:20,0,0,1
BRDA:20,0,1,1
BRF:2
BRH:2
end_of_record
TN:
SF:C:\Users\HP\Desktop\wayfarer\src\controllers/auth.js
FN:7,(anonymous_7)
FNF:1
FNH:1
FNDA:38,(anonymous_7)
DA:2,1
DA:3,1
DA:4,1
DA:5,1
DA:7,162
DA:15,2
DA:17,2
DA:20,2
DA:27,2
DA:29,2
DA:60,3
DA:68,3
DA:78,2
DA:88,2
DA:89,1
DA:92,2
DA:113,1
LF:17
LH:17
BRDA:7,0,0,2
BRDA:7,0,1,2
BRDA:7,0,2,2
BRDA:7,0,3,2
BRDA:7,0,4,0
BRDA:7,0,5,0
BRDA:7,0,6,2
BRDA:7,1,0,10
BRDA:7,1,1,1
BRDA:7,2,0,3
BRDA:7,2,1,3
BRDA:7,2,2,3
BRDA:7,2,3,3
BRDA:7,2,4,3
BRDA:7,2,5,2
BRDA:7,2,6,2
BRDA:7,2,7,2
BRDA:7,2,8,2
BRDA:7,2,9,0
BRDA:7,2,10,0
BRDA:7,2,11,3
BRDA:51,3,0,3
BRDA:51,3,1,3
BRDA:88,4,0,1
BRDA:88,4,1,1
BRF:25
BRH:21
end_of_record
TN:
SF:C:\Users\HP\Desktop\wayfarer\src\controllers/bookings.js
FN:4,(anonymous_7)
FN:18,(anonymous_10)
FNF:2
FNH:1
FNDA:25,(anonymous_7)
FNDA:0,(anonymous_10)
DA:2,1
DA:4,79
DA:14,1
DA:17,1
DA:18,1
DA:19,0
DA:20,0
DA:27,1
DA:28,1
DA:55,1
DA:69,1
DA:86,1
DA:98,1
LF:13
LH:11
BRDA:4,0,0,3
BRDA:4,0,1,3
BRDA:4,0,2,3
BRDA:4,0,3,0
BRDA:4,0,4,0
BRDA:4,0,5,3
BRDA:19,1,0,0
BRDA:19,1,1,0
BRDA:19,2,0,0
BRDA:19,2,1,0
BRDA:4,3,0,2
BRDA:4,3,1,0
BRDA:4,4,0,1
BRDA:4,4,1,1
BRDA:4,4,2,0
BRDA:4,4,3,0
BRDA:4,4,4,1
BRF:17
BRH:8
end_of_record
TN:
SF:C:\Users\HP\Desktop\wayfarer\src\controllers/buses.js
FN:4,(anonymous_7)
FNF:1
FNH:1
FNDA:37,(anonymous_7)
DA:2,1
DA:4,118
DA:15,2
DA:16,2
DA:37,1
DA:53,1
DA:75,1
DA:80,1
DA:81,1
DA:102,1
DA:117,1
LF:11
LH:11
BRDA:4,0,0,3
BRDA:4,0,1,3
BRDA:4,0,2,0
BRDA:4,0,3,0
BRDA:4,0,4,3
BRDA:4,1,0,3
BRDA:4,1,1,0
BRDA:4,2,0,1
BRDA:4,2,1,1
BRDA:4,2,2,1
BRDA:4,2,3,0
BRDA:4,2,4,0
BRDA:4,2,5,1
BRDA:4,3,0,2
BRDA:4,3,1,2
BRDA:4,3,2,2
BRDA:4,3,3,2
BRDA:4,3,4,0
BRDA:4,3,5,0
BRDA:4,3,6,2
BRF:20
BRH:13
end_of_record
TN:
SF:C:\Users\HP\Desktop\wayfarer\src\controllers/trips.js
FN:4,(anonymous_7)
FNF:1
FNH:1
FNDA:47,(anonymous_7)
DA:2,1
DA:4,145
DA:14,2
DA:15,2
DA:18,2
DA:19,2
DA:44,3
DA:60,1
DA:77,1
DA:80,1
DA:99,1
DA:112,1
LF:12
LH:12
BRDA:4,0,0,5
BRDA:4,0,1,5
BRDA:4,0,2,0
BRDA:4,0,3,0
BRDA:4,0,4,5
BRDA:4,1,0,3
BRDA:4,1,1,0
BRDA:46,2,0,0
BRDA:46,2,1,3
BRDA:4,3,0,1
BRDA:4,3,1,1
BRDA:4,3,2,1
BRDA:4,3,3,0
BRDA:4,3,4,0
BRDA:4,3,5,1
BRDA:4,4,0,2
BRDA:4,4,1,2
BRDA:4,4,2,2
BRDA:4,4,3,2
BRDA:4,4,4,0
BRDA:4,4,5,0
BRDA:4,4,6,2
BRF:22
BRH:14
end_of_record
TN:
SF:C:\Users\HP\Desktop\wayfarer\src\controllers/users.js
FN:3,(anonymous_7)
FNF:1
FNH:1
FNDA:2,(anonymous_7)
DA:1,1
DA:3,5
DA:14,0
DA:30,0
DA:49,1
LF:5
LH:3
BRDA:3,0,0,0
BRDA:3,0,1,0
BRDA:3,0,2,0
BRDA:3,0,3,0
BRDA:3,0,4,0
BRDA:3,1,0,0
BRDA:3,1,1,0
BRDA:3,2,0,0
BRDA:3,2,1,0
BRDA:3,2,2,0
BRDA:3,2,3,0
BRDA:3,2,4,0
BRDA:3,2,5,0
BRF:13
BRH:0
end_of_record
TN:
SF:C:\Users\HP\Desktop\wayfarer\src\database/db.js
FN:22,(anonymous_1)
FNF:1
FNH:1
FNDA:1,(anonymous_1)
DA:1,1
DA:2,1
DA:4,1
DA:8,1
DA:9,0
DA:10,1
DA:11,1
DA:14,1
DA:22,1
DA:23,1
DA:26,1
LF:11
LH:10
BRDA:8,0,0,0
BRDA:8,0,1,1
BRDA:10,1,0,1
BRDA:10,1,1,0
BRDA:10,2,0,1
BRDA:10,2,1,0
BRF:6
BRH:3
end_of_record
TN:
SF:C:\Users\HP\Desktop\wayfarer\src\helpers/emailHelper.js
FN:1,isValidEmail
FNF:1
FNH:1
FNDA:3,isValidEmail
DA:1,1
DA:8,3
DA:12,1
LF:3
LH:3
BRF:0
BRH:0
end_of_record
TN:
SF:C:\Users\HP\Desktop\wayfarer\src\helpers/jwtHelper.js
FN:11,generateAuthToken
FNF:1
FNH:1
FNDA:4,generateAuthToken
DA:2,1
DA:4,1
DA:12,4
DA:17,4
LF:4
LH:4
BRF:0
BRH:0
end_of_record
TN:
SF:C:\Users\HP\Desktop\wayfarer\src\helpers/passwordHelper.js
FN:3,hashPassword
FNF:1
FNH:1
FNDA:4,hashPassword
DA:1,1
DA:3,1
DA:11,2
DA:12,2
DA:23,2
DA:28,1
LF:6
LH:6
BRF:0
BRH:0
end_of_record
TN:
SF:C:\Users\HP\Desktop\wayfarer\src\middleware/admin.js
FN:7,_default
FNF:1
FNH:1
FNDA:16,_default
DA:8,16
DA:9,16
DA:11,11
LF:3
LH:3
BRDA:9,0,0,5
BRDA:9,0,1,11
BRF:2
BRH:2
end_of_record
TN:
SF:C:\Users\HP\Desktop\wayfarer\src\middleware/validate.js
FN:4,validate
FN:5,(anonymous_2)
FN:12,validateUser
FN:24,validateBus
FN:36,validateTrip
FN:49,validateBooking
FNF:6
FNH:6
FNDA:5,validate
FNDA:9,(anonymous_2)
FNDA:3,validateUser
FNDA:3,validateBus
FNDA:2,validateTrip
FNDA:1,validateBooking
DA:2,1
DA:5,9
DA:6,9
DA:7,9
DA:8,8
DA:13,3
DA:21,3
DA:25,3
DA:33,3
DA:37,2
DA:46,2
DA:50,1
DA:61,1
DA:64,1
LF:14
LH:14
BRDA:7,0,0,1
BRDA:7,0,1,8
BRF:2
BRH:2
end_of_record
TN:
SF:C:\Users\HP\Desktop\wayfarer\src\middleware/verifyToken.js
FN:12,_callee
FNF:1
FNH:1
FNDA:92,_callee
DA:1,1
DA:2,1
DA:4,1
DA:12,575
DA:13,23
DA:21,23
DA:22,23
DA:29,23
DA:31,23
LF:9
LH:9
BRDA:12,0,0,23
BRDA:12,0,1,23
BRDA:12,0,2,23
BRDA:12,0,3,23
BRDA:12,0,4,23
BRDA:12,0,5,0
BRDA:12,0,6,23
BRDA:12,0,7,23
BRDA:12,1,0,46
BRDA:12,1,1,0
BRF:10
BRH:8
end_of_record
TN:
SF:C:\Users\HP\Desktop\wayfarer\src\models/booking.js
FN:3,createBooking
FNF:1
FNH:1
FNDA:5,createBooking
DA:1,1
DA:3,1
DA:9,1
DA:21,2
DA:31,1
DA:42,1
DA:50,1
LF:7
LH:7
BRF:0
BRH:0
end_of_record
TN:
SF:C:\Users\HP\Desktop\wayfarer\src\models/bus.js
FN:3,createBus
FNF:1
FNH:1
FNDA:8,createBus
DA:1,1
DA:3,1
DA:9,2
DA:19,1
DA:29,3
DA:40,1
DA:53,1
DA:60,1
LF:8
LH:8
BRF:0
BRH:0
end_of_record
TN:
SF:C:\Users\HP\Desktop\wayfarer\src\models/trip.js
FN:4,createTrip
FNF:1
FNH:1
FNDA:10,createTrip
DA:1,1
DA:4,1
DA:10,2
DA:22,3
DA:23,1
DA:29,2
DA:30,1
DA:36,1
DA:46,3
DA:59,1
DA:72,1
DA:79,1
LF:12
LH:12
BRDA:22,0,0,1
BRDA:22,0,1,2
BRDA:29,1,0,1
BRDA:29,1,1,1
BRF:4
BRH:4
end_of_record
TN:
SF:C:\Users\HP\Desktop\wayfarer\src\models/user.js
FN:3,createUser
FNF:1
FNH:1
FNDA:28,createUser
DA:1,1
DA:3,1
DA:9,2
DA:20,0
DA:30,23
DA:41,3
DA:48,1
LF:7
LH:6
BRF:0
BRH:0
end_of_record
TN:
SF:C:\Users\HP\Desktop\wayfarer\src\routes/auth.js
FN:5,_default
FNF:1
FNH:1
FNDA:1,_default
DA:2,1
DA:3,1
DA:6,1
DA:9,1
LF:4
LH:4
BRF:0
BRH:0
end_of_record
TN:
SF:C:\Users\HP\Desktop\wayfarer\src\routes/bookings.js
FN:7,bookingRoutes
FNF:1
FNH:1
FNDA:1,bookingRoutes
DA:2,1
DA:3,1
DA:4,1
DA:5,1
DA:8,1
DA:12,1
DA:15,1
LF:7
LH:7
BRF:0
BRH:0
end_of_record
TN:
SF:C:\Users\HP\Desktop\wayfarer\src\routes/buses.js
FN:7,busRoutes
FNF:1
FNH:1
FNDA:1,busRoutes
DA:2,1
DA:3,1
DA:4,1
DA:5,1
DA:8,1
DA:12,1
LF:6
LH:6
BRF:0
BRH:0
end_of_record
TN:
SF:C:\Users\HP\Desktop\wayfarer\src\routes/trips.js
FN:7,tripRoutes
FNF:1
FNH:1
FNDA:1,tripRoutes
DA:2,1
DA:3,1
DA:4,1
DA:5,1
DA:8,1
DA:12,1
LF:6
LH:6
BRF:0
BRH:0
end_of_record
TN:
SF:C:\Users\HP\Desktop\wayfarer\src\routes/users.js
FN:5,_default
FNF:1
FNH:1
FNDA:1,_default
DA:1,1
DA:2,1
DA:3,1
DA:6,1
DA:9,1
LF:5
LH:5
BRF:0
BRH:0
end_of_record
TN:
SF:C:\Users\HP\Desktop\wayfarer\src\tests/adminTests.js
FN:47,(anonymous_2)
FN:48,(anonymous_3)
FN:52,(anonymous_4)
FN:60,(anonymous_5)
FN:61,(anonymous_6)
FN:66,(anonymous_7)
FN:74,(anonymous_8)
FN:75,(anonymous_9)
FN:80,(anonymous_10)
FN:88,(anonymous_11)
FN:89,(anonymous_12)
FN:94,(anonymous_13)
FN:101,(anonymous_14)
FN:102,(anonymous_15)
FN:107,(anonymous_16)
FN:115,(anonymous_17)
FN:116,(anonymous_18)
FN:120,(anonymous_19)
FN:128,(anonymous_20)
FN:129,(anonymous_21)
FN:134,(anonymous_22)
FN:143,(anonymous_23)
FN:144,(anonymous_24)
FN:148,(anonymous_25)
FN:157,(anonymous_26)
FN:158,(anonymous_27)
FN:162,(anonymous_28)
FN:171,(anonymous_29)
FN:172,(anonymous_30)
FN:176,(anonymous_31)
FN:183,(anonymous_32)
FN:187,(anonymous_33)
FN:196,(anonymous_34)
FN:197,(anonymous_35)
FN:208,(anonymous_36)
FN:217,(anonymous_37)
FN:218,(anonymous_38)
FN:222,(anonymous_39)
FNF:38
FNH:38
FNDA:1,(anonymous_2)
FNDA:1,(anonymous_3)
FNDA:1,(anonymous_4)
FNDA:1,(anonymous_5)
FNDA:1,(anonymous_6)
FNDA:1,(anonymous_7)
FNDA:1,(anonymous_8)
FNDA:1,(anonymous_9)
FNDA:1,(anonymous_10)
FNDA:1,(anonymous_11)
FNDA:1,(anonymous_12)
FNDA:1,(anonymous_13)
FNDA:1,(anonymous_14)
FNDA:1,(anonymous_15)
FNDA:1,(anonymous_16)
FNDA:1,(anonymous_17)
FNDA:1,(anonymous_18)
FNDA:1,(anonymous_19)
FNDA:1,(anonymous_20)
FNDA:1,(anonymous_21)
FNDA:1,(anonymous_22)
FNDA:1,(anonymous_23)
FNDA:1,(anonymous_24)
FNDA:1,(anonymous_25)
FNDA:1,(anonymous_26)
FNDA:1,(anonymous_27)
FNDA:1,(anonymous_28)
FNDA:1,(anonymous_29)
FNDA:1,(anonymous_30)
FNDA:1,(anonymous_31)
FNDA:1,(anonymous_32)
FNDA:1,(anonymous_33)
FNDA:1,(anonymous_34)
FNDA:1,(anonymous_35)
FNDA:1,(anonymous_36)
FNDA:1,(anonymous_37)
FNDA:1,(anonymous_38)
FNDA:1,(anonymous_39)
DA:2,1
DA:3,1
DA:4,1
DA:6,1
DA:8,1
DA:12,1
DA:17,1
DA:24,1
DA:31,1
DA:39,1
DA:47,1
DA:48,1
DA:49,1
DA:53,1
DA:54,1
DA:55,1
DA:56,1
DA:60,1
DA:61,1
DA:62,1
DA:67,1
DA:68,1
DA:69,1
DA:74,1
DA:75,1
DA:76,1
DA:81,1
DA:82,1
DA:83,1
DA:88,1
DA:89,1
DA:90,1
DA:95,1
DA:96,1
DA:97,1
DA:101,1
DA:102,1
DA:103,1
DA:108,1
DA:109,1
DA:110,1
DA:115,1
DA:116,1
DA:117,1
DA:121,1
DA:122,1
DA:123,1
DA:128,1
DA:129,1
DA:130,1
DA:135,1
DA:136,1
DA:137,1
DA:138,1
DA:143,1
DA:144,1
DA:145,1
DA:149,1
DA:150,1
DA:151,1
DA:152,1
DA:157,1
DA:158,1
DA:159,1
DA:163,1
DA:164,1
DA:165,1
DA:166,1
DA:171,1
DA:172,1
DA:173,1
DA:177,1
DA:178,1
DA:179,1
DA:180,1
DA:183,1
DA:184,1
DA:188,1
DA:189,1
DA:190,1
DA:191,1
DA:196,1
DA:197,1
DA:198,1
DA:209,1
DA:210,1
DA:211,1
DA:212,1
DA:217,1
DA:218,1
DA:219,1
DA:223,1
DA:224,1
DA:225,1
DA:226,1
LF:95
LH:95
BRF:0
BRH:0
end_of_record
TN:
SF:C:\Users\HP\Desktop\wayfarer\src\tests/usersTest.js
FN:54,(anonymous_2)
FN:55,(anonymous_3)
FN:60,(anonymous_4)
FN:66,(anonymous_5)
FN:71,(anonymous_6)
FN:77,(anonymous_7)
FN:83,(anonymous_8)
FN:90,(anonymous_9)
FN:91,(anonymous_10)
FN:98,(anonymous_11)
FN:105,(anonymous_12)
FN:109,(anonymous_13)
FN:118,(anonymous_14)
FN:119,(anonymous_15)
FN:123,(anonymous_16)
FN:131,(anonymous_17)
FN:132,(anonymous_18)
FN:136,(anonymous_19)
FN:143,(anonymous_20)
FN:147,(anonymous_21)
FN:155,(anonymous_22)
FN:156,(anonymous_23)
FN:161,(anonymous_24)
FN:170,(anonymous_25)
FN:171,(anonymous_26)
FN:176,(anonymous_27)
FN:186,(anonymous_28)
FN:187,(anonymous_29)
FN:192,(anonymous_30)
FN:201,(anonymous_31)
FN:202,(anonymous_32)
FN:207,(anonymous_33)
FN:216,(anonymous_34)
FN:217,(anonymous_35)
FN:221,(anonymous_36)
FN:229,(anonymous_37)
FN:230,(anonymous_38)
FN:234,(anonymous_39)
FN:242,(anonymous_40)
FN:243,(anonymous_41)
FN:247,(anonymous_42)
FN:256,(anonymous_43)
FN:257,(anonymous_44)
FN:261,(anonymous_45)
FNF:44
FNH:44
FNDA:1,(anonymous_2)
FNDA:1,(anonymous_3)
FNDA:1,(anonymous_4)
FNDA:1,(anonymous_5)
FNDA:1,(anonymous_6)
FNDA:1,(anonymous_7)
FNDA:1,(anonymous_8)
FNDA:1,(anonymous_9)
FNDA:1,(anonymous_10)
FNDA:1,(anonymous_11)
FNDA:1,(anonymous_12)
FNDA:1,(anonymous_13)
FNDA:1,(anonymous_14)
FNDA:1,(anonymous_15)
FNDA:1,(anonymous_16)
FNDA:1,(anonymous_17)
FNDA:1,(anonymous_18)
FNDA:1,(anonymous_19)
FNDA:1,(anonymous_20)
FNDA:1,(anonymous_21)
FNDA:1,(anonymous_22)
FNDA:1,(anonymous_23)
FNDA:1,(anonymous_24)
FNDA:1,(anonymous_25)
FNDA:1,(anonymous_26)
FNDA:1,(anonymous_27)
FNDA:1,(anonymous_28)
FNDA:1,(anonymous_29)
FNDA:1,(anonymous_30)
FNDA:1,(anonymous_31)
FNDA:1,(anonymous_32)
FNDA:1,(anonymous_33)
FNDA:1,(anonymous_34)
FNDA:1,(anonymous_35)
FNDA:1,(anonymous_36)
FNDA:1,(anonymous_37)
FNDA:1,(anonymous_38)
FNDA:1,(anonymous_39)
FNDA:1,(anonymous_40)
FNDA:1,(anonymous_41)
FNDA:1,(anonymous_42)
FNDA:1,(anonymous_43)
FNDA:1,(anonymous_44)
FNDA:1,(anonymous_45)
DA:2,1
DA:3,1
DA:4,1
DA:6,1
DA:8,1
DA:15,1
DA:22,1
DA:26,1
DA:33,1
DA:41,1
DA:54,1
DA:55,1
DA:56,1
DA:61,1
DA:62,1
DA:66,1
DA:67,1
DA:72,1
DA:73,1
DA:77,1
DA:78,1
DA:79,1
DA:84,1
DA:85,1
DA:90,1
DA:91,1
DA:92,1
DA:99,1
DA:100,1
DA:101,1
DA:105,1
DA:106,1
DA:110,1
DA:111,1
DA:112,1
DA:113,1
DA:118,1
DA:119,1
DA:120,1
DA:124,1
DA:125,1
DA:126,1
DA:131,1
DA:132,1
DA:133,1
DA:137,1
DA:138,1
DA:139,1
DA:143,1
DA:144,1
DA:148,1
DA:149,1
DA:150,1
DA:155,1
DA:156,1
DA:157,1
DA:162,1
DA:163,1
DA:164,1
DA:165,1
DA:170,1
DA:171,1
DA:172,1
DA:177,1
DA:178,1
DA:179,1
DA:180,1
DA:186,1
DA:187,1
DA:188,1
DA:193,1
DA:194,1
DA:195,1
DA:196,1
DA:201,1
DA:202,1
DA:203,1
DA:208,1
DA:209,1
DA:210,1
DA:211,1
DA:216,1
DA:217,1
DA:218,1
DA:222,1
DA:223,1
DA:224,1
DA:229,1
DA:230,1
DA:231,1
DA:235,1
DA:236,1
DA:237,1
DA:242,1
DA:243,1
DA:244,1
DA:248,1
DA:249,1
DA:250,1
DA:251,1
DA:256,1
DA:257,1
DA:258,1
DA:262,1
DA:263,1
DA:264,1
DA:265,1
LF:107
LH:107
BRF:0
BRH:0
end_of_record
